{ MongoTimeoutError: Server selection timed out after 30000 ms
    at Timeout.setTimeout (/home/ankit/Desktop/inventory_management/node_modules/mongodb/lib/core/sdam/topology.js:878:9)
    at ontimeout (timers.js:498:11)
    at tryOnTimeout (timers.js:323:5)
    at Timer.listOnTimeout (timers.js:290:5)
  name: 'MongoTimeoutError',
  reason: 
   { Error: connect ECONNREFUSED 127.0.0.1:27017
    at Object._errnoException (util.js:992:11)
    at _exceptionWithHostPort (util.js:1014:20)
    at TCPConnectWrap.afterConnect [as oncomplete] (net.js:1186:14)
     name: 'MongoNetworkError',
     errorLabels: [ 'TransientTransactionError' ],
     [Symbol(mongoErrorContextSymbol)]: {} },
  [Symbol(mongoErrorContextSymbol)]: {} }
{ MongoTimeoutError: Server selection timed out after 30000 ms
    at Timeout.setTimeout (/home/ankit/Desktop/inventory_management/node_modules/mongodb/lib/core/sdam/topology.js:878:9)
    at ontimeout (timers.js:498:11)
    at tryOnTimeout (timers.js:323:5)
    at Timer.listOnTimeout (timers.js:290:5)
  name: 'MongoTimeoutError',
  reason: 
   { Error: connect ECONNREFUSED 127.0.0.1:27017
    at Object._errnoException (util.js:992:11)
    at _exceptionWithHostPort (util.js:1014:20)
    at TCPConnectWrap.afterConnect [as oncomplete] (net.js:1186:14)
     name: 'MongoNetworkError',
     errorLabels: [ 'TransientTransactionError' ],
     [Symbol(mongoErrorContextSymbol)]: {} },
  [Symbol(mongoErrorContextSymbol)]: {} }
{ MongoTimeoutError: Server selection timed out after 30000 ms
    at Timeout.setTimeout (/home/ankit/Desktop/inventory_management/node_modules/mongodb/lib/core/sdam/topology.js:878:9)
    at ontimeout (timers.js:498:11)
    at tryOnTimeout (timers.js:323:5)
    at Timer.listOnTimeout (timers.js:290:5)
  name: 'MongoTimeoutError',
  reason: 
   { Error: connect ECONNREFUSED 127.0.0.1:27017
    at Object._errnoException (util.js:992:11)
    at _exceptionWithHostPort (util.js:1014:20)
    at TCPConnectWrap.afterConnect [as oncomplete] (net.js:1186:14)
     name: 'MongoNetworkError',
     errorLabels: [ 'TransientTransactionError' ],
     [Symbol(mongoErrorContextSymbol)]: {} },
  [Symbol(mongoErrorContextSymbol)]: {} }
