 
 
 
------------------------------------------
App is running with following parameters:
Environment:  development
Port:         8080
MongoDB:      mongodb+srv://ankit:Ankit@cluster0-sex6d.mongodb.net/test?retryWrites=true&w=majority
URL:          http://localhost:8080/
------------------------------------------
 
 
 
{ Error: tunneling socket could not be established, cause=write EPROTO 140237117904768:error:140770FC:SSL routines:SSL23_GET_SERVER_HELLO:unknown protocol:../deps/openssl/openssl/ssl/s23_clnt.c:827:

    at ClientRequest.onError (/home/ankit/Desktop/inventory_management/node_modules/tunnel-agent/index.js:177:17)
    at Object.onceWrapper (events.js:315:30)
    at emitOne (events.js:116:13)
    at ClientRequest.emit (events.js:211:7)
    at TLSSocket.socketErrorListener (_http_client.js:387:9)
    at emitOne (events.js:116:13)
    at TLSSocket.emit (events.js:211:7)
    at onwriteError (_stream_writable.js:418:12)
    at onwrite (_stream_writable.js:440:5)
    at _destroy (internal/streams/destroy.js:39:7)
    at TLSSocket.Socket._destroy (net.js:564:3)
    at TLSSocket.destroy (internal/streams/destroy.js:32:8)
    at WriteWrap.afterWrite [as oncomplete] (net.js:866:10) code: 'ECONNRESET' }
[0mGET /login [32m200 [0m454.244 ms - -[0m
[0mGET /css/lib/chosen.css [32m200 [0m38.791 ms - -[0m
[0mGET /images/newlogo.png [32m200 [0m548.435 ms - 37636[0m
[0mGET /css/lib/flag-icon.css [32m200 [0m547.007 ms - -[0m
[0mGET /css/lib/font-awesome/css/font-awesome.min.css [32m200 [0m978.919 ms - -[0m
[0mGET /js/lib/jquery-3.1.1.min.js [32m200 [0m983.150 ms - -[0m
[0mGET /js/lib/highcharts.js [32m200 [0m802.184 ms - -[0m
[0mGET /js/lib/ion.rangeSlider.min.js [32m200 [0m824.556 ms - -[0m
[0mGET /js/lib/wordcloud.js [32m200 [0m746.210 ms - -[0m
[0mGET /js/lib/inputTags.jquery.js [32m200 [0m368.771 ms - -[0m
[0mGET /js/lib/heat-map.js [32m200 [0m36.479 ms - -[0m
[0mGET /js/lib/jquery.cookie.js [32m200 [0m36.223 ms - -[0m
[0mGET /js/lib/treemap.js [32m200 [0m35.055 ms - -[0m
[0mGET /js/lib/bootstrap-multiselect.js [32m200 [0m37.229 ms - -[0m
[0mGET /js/lib/jquery-caret.min.js [32m200 [0m42.042 ms - -[0m
[0mGET /js/lib/bootstrap.min.js [32m200 [0m55.255 ms - -[0m
[0mGET /backgroundSPIQ.png [32m200 [0m34.561 ms - 17291[0m
[0mGET /webfonts/fa-regular-400.woff2 [32m200 [0m41.019 ms - 13584[0m
[0mGET /js/lib/jquery-tag-editor.min.js [32m200 [0m41.498 ms - -[0m
[0mGET /js/lib/modernizr.js [32m200 [0m41.440 ms - -[0m
[0mGET /js/lib/jqcloud-1.0.4.min.js [32m200 [0m38.274 ms - -[0m
[0mGET /js/lib/jquery.mixitup.min.js [32m200 [0m41.705 ms - -[0m
[0mGET /js/lib/chosen.jquery.js [32m200 [0m52.043 ms - -[0m
[0mGET /js/lib/moment.min.js [32m200 [0m38.568 ms - -[0m
[0mGET /js/lib/highcharts.js.map [33m404 [0m71.662 ms - 163[0m
[0mGET /js/lib/daterangepicker.min.js [32m200 [0m63.241 ms - -[0m
[0mGET /js/lib/chosen.jquery.min.js [32m200 [0m74.758 ms - -[0m
[0mGET /js/lib/datetimepicker.min.js [32m200 [0m64.529 ms - -[0m
[0mGET /js/lib/wordcloud.js.map [33m404 [0m39.718 ms - 162[0m
[0mGET /sm/8cfffddf058dc09b67d92f8d849675e6b459dfb8ede5136cf5c98d10acf78cc3.map [33m404 [0m34.744 ms - 210[0m
[0mGET /js/lib/highcharts-more.js [32m200 [0m66.112 ms - -[0m
[0mGET /js/lib/knockout-debug.js [32m200 [0m64.913 ms - -[0m
[0mGET /css/lib/daterangepicker.css [32m200 [0m54.736 ms - -[0m
[0mGET /icon.png [32m200 [0m37.098 ms - 13156[0m
 
 
 
------------------------------------------
App is running with following parameters:
Environment:  development
Port:         8080
MongoDB:      mongodb+srv://ankit:Ankit@cluster0-sex6d.mongodb.net/test?retryWrites=true&w=majority
URL:          http://localhost:8080/
------------------------------------------
 
 
 
{ Error: tunneling socket could not be established, cause=write EPROTO 140320804644736:error:140770FC:SSL routines:SSL23_GET_SERVER_HELLO:unknown protocol:../deps/openssl/openssl/ssl/s23_clnt.c:827:

    at ClientRequest.onError (/home/ankit/Desktop/inventory_management/node_modules/tunnel-agent/index.js:177:17)
    at Object.onceWrapper (events.js:315:30)
    at emitOne (events.js:116:13)
    at ClientRequest.emit (events.js:211:7)
    at TLSSocket.socketErrorListener (_http_client.js:387:9)
    at emitOne (events.js:116:13)
    at TLSSocket.emit (events.js:211:7)
    at onwriteError (_stream_writable.js:418:12)
    at onwrite (_stream_writable.js:440:5)
    at _destroy (internal/streams/destroy.js:39:7)
    at TLSSocket.Socket._destroy (net.js:564:3)
    at TLSSocket.destroy (internal/streams/destroy.js:32:8)
    at WriteWrap.afterWrite [as oncomplete] (net.js:866:10) code: 'ECONNRESET' }
 
 
 
------------------------------------------
App is running with following parameters:
Environment:  development
Port:         8080
MongoDB:      mongodb+srv://ankit:Ankit@cluster0-sex6d.mongodb.net/test?retryWrites=true&w=majority
URL:          http://localhost:8080/
------------------------------------------
 
 
 
{ Error: tunneling socket could not be established, cause=write EPROTO 140718346024832:error:140770FC:SSL routines:SSL23_GET_SERVER_HELLO:unknown protocol:../deps/openssl/openssl/ssl/s23_clnt.c:827:

    at ClientRequest.onError (/home/ankit/Desktop/inventory_management/node_modules/tunnel-agent/index.js:177:17)
    at Object.onceWrapper (events.js:315:30)
    at emitOne (events.js:116:13)
    at ClientRequest.emit (events.js:211:7)
    at TLSSocket.socketErrorListener (_http_client.js:387:9)
    at emitOne (events.js:116:13)
    at TLSSocket.emit (events.js:211:7)
    at onwriteError (_stream_writable.js:418:12)
    at onwrite (_stream_writable.js:440:5)
    at _destroy (internal/streams/destroy.js:39:7)
    at TLSSocket.Socket._destroy (net.js:564:3)
    at TLSSocket.destroy (internal/streams/destroy.js:32:8)
    at WriteWrap.afterWrite [as oncomplete] (net.js:866:10) code: 'ECONNRESET' }
 
 
 
------------------------------------------
App is running with following parameters:
Environment:  development
Port:         8080
MongoDB:      mongodb+srv://ankit:Ankit@cluster0-sex6d.mongodb.net/test?retryWrites=true&w=majority
URL:          http://localhost:8080/
------------------------------------------
 
 
 
{ Error: tunneling socket could not be established, cause=write EPROTO 140666041583488:error:140770FC:SSL routines:SSL23_GET_SERVER_HELLO:unknown protocol:../deps/openssl/openssl/ssl/s23_clnt.c:827:

    at ClientRequest.onError (/home/ankit/Desktop/inventory_management/node_modules/tunnel-agent/index.js:177:17)
    at Object.onceWrapper (events.js:315:30)
    at emitOne (events.js:116:13)
    at ClientRequest.emit (events.js:211:7)
    at TLSSocket.socketErrorListener (_http_client.js:387:9)
    at emitOne (events.js:116:13)
    at TLSSocket.emit (events.js:211:7)
    at onwriteError (_stream_writable.js:418:12)
    at onwrite (_stream_writable.js:440:5)
    at _destroy (internal/streams/destroy.js:39:7)
    at TLSSocket.Socket._destroy (net.js:564:3)
    at TLSSocket.destroy (internal/streams/destroy.js:32:8)
    at WriteWrap.afterWrite [as oncomplete] (net.js:866:10) code: 'ECONNRESET' }
 
 
 
------------------------------------------
App is running with following parameters:
Environment:  development
Port:         8080
MongoDB:      mongodb+srv://ankit:Ankit@cluster0-sex6d.mongodb.net/test?retryWrites=true&w=majority
URL:          http://localhost:8080/
------------------------------------------
 
 
 
{ Error: tunneling socket could not be established, cause=write EPROTO 139923893507968:error:140770FC:SSL routines:SSL23_GET_SERVER_HELLO:unknown protocol:../deps/openssl/openssl/ssl/s23_clnt.c:827:

    at ClientRequest.onError (/home/ankit/Desktop/inventory_management/node_modules/tunnel-agent/index.js:177:17)
    at Object.onceWrapper (events.js:315:30)
    at emitOne (events.js:116:13)
    at ClientRequest.emit (events.js:211:7)
    at TLSSocket.socketErrorListener (_http_client.js:387:9)
    at emitOne (events.js:116:13)
    at TLSSocket.emit (events.js:211:7)
    at onwriteError (_stream_writable.js:418:12)
    at onwrite (_stream_writable.js:440:5)
    at _destroy (internal/streams/destroy.js:39:7)
    at TLSSocket.Socket._destroy (net.js:564:3)
    at TLSSocket.destroy (internal/streams/destroy.js:32:8)
    at WriteWrap.afterWrite [as oncomplete] (net.js:866:10) code: 'ECONNRESET' }
 
 
 
------------------------------------------
App is running with following parameters:
Environment:  development
Port:         8080
MongoDB:      mongodb+srv://ankit:Ankit@cluster0-sex6d.mongodb.net/test?retryWrites=true&w=majority
URL:          http://localhost:8080/
------------------------------------------
 
 
 
{ Error: tunneling socket could not be established, cause=write EPROTO 140333184538496:error:140770FC:SSL routines:SSL23_GET_SERVER_HELLO:unknown protocol:../deps/openssl/openssl/ssl/s23_clnt.c:827:

    at ClientRequest.onError (/home/ankit/Desktop/inventory_management/node_modules/tunnel-agent/index.js:177:17)
    at Object.onceWrapper (events.js:315:30)
    at emitOne (events.js:116:13)
    at ClientRequest.emit (events.js:211:7)
    at TLSSocket.socketErrorListener (_http_client.js:387:9)
    at emitOne (events.js:116:13)
    at TLSSocket.emit (events.js:211:7)
    at onwriteError (_stream_writable.js:418:12)
    at onwrite (_stream_writable.js:440:5)
    at _destroy (internal/streams/destroy.js:39:7)
    at TLSSocket.Socket._destroy (net.js:564:3)
    at TLSSocket.destroy (internal/streams/destroy.js:32:8)
    at WriteWrap.afterWrite [as oncomplete] (net.js:866:10) code: 'ECONNRESET' }
[0mGET /login [32m200 [0m456.474 ms - -[0m
[0mGET /js/lib/wordcloud.js.map [33m404 [0m41.610 ms - 162[0m
[0mGET /js/lib/highcharts.js.map [33m404 [0m46.869 ms - 163[0m
[0mGET /sm/8cfffddf058dc09b67d92f8d849675e6b459dfb8ede5136cf5c98d10acf78cc3.map [33m404 [0m439.832 ms - 210[0m
[0mGET /icon.png [32m200 [0m736.342 ms - 13156[0m
[0mPOST /login [36m302 [0m180.064 ms - 64[0m
[0mGET /dashboard [32m200 [0m231.479 ms - -[0m
[0mGET /css/main.css [32m200 [0m71.382 ms - -[0m
[0mGET /js/lib/highcharts.js.map [33m404 [0m70.244 ms - 163[0m
[0mGET /sm/8cfffddf058dc09b67d92f8d849675e6b459dfb8ede5136cf5c98d10acf78cc3.map [33m404 [0m407.229 ms - 210[0m
[0mGET /js/lib/wordcloud.js.map [33m404 [0m463.693 ms - 162[0m
TCL: exports.getFoodCategoryItem -> data [ { _id: 5e391ada1c9d440000b9dc6d,
    name: 'flour',
    displayName: 'Flour' },
  { _id: 5e391aef1c9d440000b9dc6e,
    name: 'fats',
    displayName: 'Fats' },
  { _id: 5e391b071c9d440000b9dc6f,
    name: 'vegetable',
    displayName: 'Vegetables' } ]
TCL: exports.getFoodCategoryItem -> data [ { foodCategory: [ 'bakery', 'italian', 'indian' ],
    _id: 5e3a7142c70d21191156fa06,
    category: 'flour',
    itemName: 'wheat',
    quantity: 70,
    role: 'manager',
    vendor: [ [Object], [Object] ] },
  { foodCategory: [],
    _id: 5e3a7153c70d21191156fa09,
    category: 'vegetable',
    itemName: 'Onions',
    quantity: 80,
    role: 'manager',
    vendor: [ [Object], [Object] ] },
  { foodCategory: [],
    _id: 5e3a7160c70d21191156fa0c,
    category: 'fats',
    itemName: 'butter',
    quantity: 60,
    role: 'manager',
    vendor: [ [Object], [Object] ] } ]
[0mPOST /foodCategories [32m200 [0m787.671 ms - 224[0m
[0mPOST /getInventoryItem [32m200 [0m788.687 ms - 924[0m
[0mGET /dashboard [32m200 [0m325.173 ms - -[0m
[0mGET /dashboard [32m200 [0m200.602 ms - -[0m
[0mGET /dashboard [32m200 [0m210.193 ms - -[0m
[0mGET /css/lib/chosen.css [32m200 [0m73.076 ms - -[0m
[0mGET /css/lib/flag-icon.css [32m200 [0m81.239 ms - -[0m
[0mGET /css/lib/font-awesome/css/font-awesome.min.css [32m200 [0m69.630 ms - -[0m
[0mGET /images/newlogo.png [32m200 [0m879.626 ms - 37636[0m
[0mGET /dummy_men.png [32m200 [0m868.556 ms - 75200[0m
[0mGET /css/main.css [32m200 [0m869.107 ms - -[0m
[0mGET /js/lib/jquery-3.1.1.min.js [32m200 [0m74.096 ms - -[0m
[0mGET /js/lib/ion.rangeSlider.min.js [32m200 [0m87.025 ms - -[0m
[0mGET /js/lib/highcharts.js [32m200 [0m87.547 ms - -[0m
[0mGET /js/lib/wordcloud.js [32m200 [0m84.136 ms - -[0m
[0mGET /js/lib/inputTags.jquery.js [32m200 [0m88.518 ms - -[0m
[0mGET /js/lib/heat-map.js [32m200 [0m97.296 ms - -[0m
[0mGET /js/lib/bootstrap-multiselect.js [32m200 [0m93.732 ms - -[0m
[0mGET /js/lib/treemap.js [32m200 [0m93.969 ms - -[0m
[0mGET /js/lib/jquery.cookie.js [32m200 [0m79.806 ms - -[0m
[0mGET /js/lib/highcharts.js.map [33m404 [0m75.738 ms - 163[0m
[0mGET /js/lib/jquery.dataTables.min.js [32m200 [0m73.916 ms - -[0m
[0mGET /images/icon.png [32m200 [0m75.419 ms - 13156[0m
[0mGET /js/lib/jquery.bootstrap.wizard.min.js [32m200 [0m71.669 ms - -[0m
[0mGET /js/lib/jquery.validate.min.js [32m200 [0m92.130 ms - -[0m
[0mGET /js/lib/bootstrap.min.js [32m200 [0m90.483 ms - -[0m
[0mGET /js/lib/wordcloud.js.map [33m404 [0m427.396 ms - 162[0m
[0mGET /js/lib/modernizr.js [32m200 [0m399.033 ms - -[0m
[0mGET /js/lib/jquery-tag-editor.min.js [32m200 [0m437.818 ms - -[0m
[0mGET /js/lib/content-filter.js [32m200 [0m385.108 ms - -[0m
[0mGET /js/lib/jquery-caret.min.js [32m200 [0m509.361 ms - -[0m
[0mGET /js/lib/jquery.mixitup.min.js [32m200 [0m402.713 ms - -[0m
[0mGET /js/lib/jqcloud-1.0.4.min.js [32m200 [0m73.145 ms - -[0m
[0mGET /js/lib/moment.min.js [32m200 [0m71.380 ms - -[0m
[0mGET /js/lib/datetimepicker.min.js [32m200 [0m67.975 ms - -[0m
[0mGET /js/lib/chosen.jquery.min.js [32m200 [0m80.906 ms - -[0m
[0mGET /js/lib/daterangepicker.min.js [32m200 [0m92.472 ms - -[0m
[0mGET /js/lib/chosen.jquery.js [32m200 [0m72.496 ms - -[0m
[0mGET /js/lib/knockout-debug.js [32m200 [0m70.863 ms - -[0m
[0mGET /js/main.js [32m200 [0m70.922 ms - -[0m
[0mGET /js/comman.js [32m200 [0m73.735 ms - 916[0m
[0mGET /js/dashboard.js [32m200 [0m69.600 ms - -[0m
[0mGET /sm/8cfffddf058dc09b67d92f8d849675e6b459dfb8ede5136cf5c98d10acf78cc3.map [33m404 [0m76.386 ms - 210[0m
TCL: exports.getFoodCategoryItem -> data [ { _id: 5e391ada1c9d440000b9dc6d,
    name: 'flour',
    displayName: 'Flour' },
  { _id: 5e391aef1c9d440000b9dc6e,
    name: 'fats',
    displayName: 'Fats' },
  { _id: 5e391b071c9d440000b9dc6f,
    name: 'vegetable',
    displayName: 'Vegetables' } ]
TCL: exports.getFoodCategoryItem -> data [ { foodCategory: [ 'bakery', 'italian', 'indian' ],
    _id: 5e3a7142c70d21191156fa06,
    category: 'flour',
    itemName: 'wheat',
    quantity: 70,
    role: 'manager',
    vendor: [ [Object], [Object] ] },
  { foodCategory: [],
    _id: 5e3a7153c70d21191156fa09,
    category: 'vegetable',
    itemName: 'Onions',
    quantity: 80,
    role: 'manager',
    vendor: [ [Object], [Object] ] },
  { foodCategory: [],
    _id: 5e3a7160c70d21191156fa0c,
    category: 'fats',
    itemName: 'butter',
    quantity: 60,
    role: 'manager',
    vendor: [ [Object], [Object] ] } ]
[0mGET /icon.png [32m200 [0m67.794 ms - 13156[0m
[0mPOST /foodCategories [32m200 [0m111.981 ms - 224[0m
[0mPOST /getInventoryItem [32m200 [0m115.648 ms - 924[0m
[0mGET /logout [36m302 [0m69.641 ms - 56[0m
[0mGET /home [36m302 [0m36.731 ms - 56[0m
[0mGET /login [32m200 [0m150.339 ms - -[0m
[0mGET /login [36m302 [0m73.453 ms - 54[0m
[0mGET /js/lib/wordcloud.js.map [33m404 [0m72.431 ms - 162[0m
[0mGET /sm/8cfffddf058dc09b67d92f8d849675e6b459dfb8ede5136cf5c98d10acf78cc3.map [33m404 [0m74.291 ms - 210[0m
[0mGET /js/lib/highcharts.js.map [33m404 [0m96.729 ms - 163[0m
[0mPOST /login [36m302 [0m179.289 ms - 54[0m
[0mGET /home [32m200 [0m175.125 ms - -[0m
[0mGET /js/lib/highcharts.js.map [33m404 [0m68.438 ms - 163[0m
[0mGET /js/lib/wordcloud.js.map [33m404 [0m70.298 ms - 162[0m
[0mGET /sm/8cfffddf058dc09b67d92f8d849675e6b459dfb8ede5136cf5c98d10acf78cc3.map [33m404 [0m72.440 ms - 210[0m
TCL: exports.getFoodCategoryItem -> data [ { _id: 5e391ada1c9d440000b9dc6d,
    name: 'flour',
    displayName: 'Flour' },
  { _id: 5e391aef1c9d440000b9dc6e,
    name: 'fats',
    displayName: 'Fats' },
  { _id: 5e391b071c9d440000b9dc6f,
    name: 'vegetable',
    displayName: 'Vegetables' } ]
[0mPOST /foodCategories [32m200 [0m108.616 ms - 224[0m
[0mGET /themeAnalysis [32m200 [0m166.583 ms - -[0m
[0mGET /js/lib/wordcloud.js.map [33m404 [0m72.780 ms - 162[0m
[0mGET /js/lib/highcharts.js.map [33m404 [0m82.550 ms - 163[0m
[0mGET /sm/8cfffddf058dc09b67d92f8d849675e6b459dfb8ede5136cf5c98d10acf78cc3.map [33m404 [0m80.033 ms - 210[0m
TCL: exports.getFoodCategoryItem -> data [ { _id: 5e391ada1c9d440000b9dc6d,
    name: 'flour',
    displayName: 'Flour' },
  { _id: 5e391aef1c9d440000b9dc6e,
    name: 'fats',
    displayName: 'Fats' },
  { _id: 5e391b071c9d440000b9dc6f,
    name: 'vegetable',
    displayName: 'Vegetables' } ]
[0mPOST /foodCategories [32m200 [0m107.898 ms - 224[0m
[0mGET /dashboard [32m200 [0m149.845 ms - -[0m
[0mGET /js/lib/wordcloud.js.map [33m404 [0m72.890 ms - 162[0m
[0mGET /js/lib/highcharts.js.map [33m404 [0m76.370 ms - 163[0m
[0mGET /sm/8cfffddf058dc09b67d92f8d849675e6b459dfb8ede5136cf5c98d10acf78cc3.map [33m404 [0m70.877 ms - 210[0m
TCL: exports.getFoodCategoryItem -> data [ { _id: 5e391ada1c9d440000b9dc6d,
    name: 'flour',
    displayName: 'Flour' },
  { _id: 5e391aef1c9d440000b9dc6e,
    name: 'fats',
    displayName: 'Fats' },
  { _id: 5e391b071c9d440000b9dc6f,
    name: 'vegetable',
    displayName: 'Vegetables' } ]
TCL: exports.getFoodCategoryItem -> data [ { foodCategory: [ 'bakery', 'italian', 'indian' ],
    _id: 5e3a7142c70d21191156fa06,
    category: 'flour',
    itemName: 'wheat',
    quantity: 70,
    role: 'manager',
    vendor: [ [Object], [Object] ] },
  { foodCategory: [],
    _id: 5e3a7153c70d21191156fa09,
    category: 'vegetable',
    itemName: 'Onions',
    quantity: 80,
    role: 'manager',
    vendor: [ [Object], [Object] ] },
  { foodCategory: [],
    _id: 5e3a7160c70d21191156fa0c,
    category: 'fats',
    itemName: 'butter',
    quantity: 60,
    role: 'manager',
    vendor: [ [Object], [Object] ] } ]
[0mPOST /getInventoryItem [32m200 [0m108.244 ms - 924[0m
[0mPOST /foodCategories [32m200 [0m102.018 ms - 224[0m
[0mGET /logout [36m302 [0m77.270 ms - 56[0m
[0mGET /login [32m200 [0m226.933 ms - -[0m
[0mGET /js/lib/highcharts.js.map [33m404 [0m37.754 ms - 163[0m
[0mGET /js/lib/wordcloud.js.map [33m404 [0m38.273 ms - 162[0m
[0mGET /sm/8cfffddf058dc09b67d92f8d849675e6b459dfb8ede5136cf5c98d10acf78cc3.map [33m404 [0m34.915 ms - 210[0m
[0mPOST /login [36m302 [0m139.523 ms - 56[0m
[0mGET /login [32m200 [0m181.216 ms - -[0m
[0mGET /js/lib/highcharts.js.map [33m404 [0m36.136 ms - 163[0m
[0mGET /js/lib/wordcloud.js.map [33m404 [0m40.067 ms - 162[0m
[0mGET /sm/8cfffddf058dc09b67d92f8d849675e6b459dfb8ede5136cf5c98d10acf78cc3.map [33m404 [0m34.434 ms - 210[0m
[0mPOST /login [36m302 [0m140.132 ms - 64[0m
[0mGET /dashboard [32m200 [0m201.649 ms - -[0m
[0mGET /js/lib/wordcloud.js.map [33m404 [0m70.887 ms - 162[0m
[0mGET /js/lib/highcharts.js.map [33m404 [0m78.022 ms - 163[0m
[0mGET /sm/8cfffddf058dc09b67d92f8d849675e6b459dfb8ede5136cf5c98d10acf78cc3.map [33m404 [0m69.631 ms - 210[0m
TCL: exports.getFoodCategoryItem -> data [ { _id: 5e391ada1c9d440000b9dc6d,
    name: 'flour',
    displayName: 'Flour' },
  { _id: 5e391aef1c9d440000b9dc6e,
    name: 'fats',
    displayName: 'Fats' },
  { _id: 5e391b071c9d440000b9dc6f,
    name: 'vegetable',
    displayName: 'Vegetables' } ]
TCL: exports.getFoodCategoryItem -> data [ { foodCategory: [ 'bakery', 'italian', 'indian' ],
    _id: 5e3a7142c70d21191156fa06,
    category: 'flour',
    itemName: 'wheat',
    quantity: 70,
    role: 'manager',
    vendor: [ [Object], [Object] ] },
  { foodCategory: [],
    _id: 5e3a7153c70d21191156fa09,
    category: 'vegetable',
    itemName: 'Onions',
    quantity: 80,
    role: 'manager',
    vendor: [ [Object], [Object] ] },
  { foodCategory: [],
    _id: 5e3a7160c70d21191156fa0c,
    category: 'fats',
    itemName: 'butter',
    quantity: 60,
    role: 'manager',
    vendor: [ [Object], [Object] ] } ]
[0mPOST /foodCategories [32m200 [0m114.702 ms - 224[0m
[0mPOST /getInventoryItem [32m200 [0m114.947 ms - 924[0m
[0mGET /dashboard [32m200 [0m182.975 ms - -[0m
[0mGET /css/lib/chosen.css [32m200 [0m89.697 ms - -[0m
[0mGET /dummy_men.png [32m200 [0m79.955 ms - 75200[0m
[0mGET /images/newlogo.png [32m200 [0m96.672 ms - 37636[0m
[0mGET /css/lib/flag-icon.css [32m200 [0m80.747 ms - -[0m
[0mGET /css/lib/font-awesome/css/font-awesome.min.css [32m200 [0m80.525 ms - -[0m
[0mGET /css/main.css [32m200 [0m83.367 ms - -[0m
[0mGET /js/lib/jquery-3.1.1.min.js [32m200 [0m69.296 ms - -[0m
[0mGET /js/lib/ion.rangeSlider.min.js [32m200 [0m75.238 ms - -[0m
[0mGET /js/lib/wordcloud.js [32m200 [0m75.436 ms - -[0m
[0mGET /js/lib/highcharts.js [32m200 [0m78.651 ms - -[0m
[0mGET /js/lib/inputTags.jquery.js [32m200 [0m83.217 ms - -[0m
[0mGET /js/lib/heat-map.js [32m200 [0m81.850 ms - -[0m
[0mGET /images/icon.png [32m200 [0m78.714 ms - 13156[0m
[0mGET /js/lib/treemap.js [32m200 [0m68.667 ms - -[0m
[0mGET /js/lib/bootstrap-multiselect.js [32m200 [0m71.451 ms - -[0m
[0mGET /js/lib/jquery.cookie.js [32m200 [0m72.291 ms - -[0m
[0mGET /js/lib/jquery.bootstrap.wizard.min.js [32m200 [0m77.445 ms - -[0m
[0mGET /js/lib/jquery.dataTables.min.js [32m200 [0m76.781 ms - -[0m
[0mGET /js/lib/jquery.validate.min.js [32m200 [0m69.849 ms - -[0m
[0mGET /js/lib/highcharts.js.map [33m404 [0m71.967 ms - 163[0m
[0mGET /js/lib/bootstrap.min.js [32m200 [0m74.176 ms - -[0m
[0mGET /js/lib/jquery-caret.min.js [32m200 [0m71.747 ms - -[0m
[0mGET /js/lib/modernizr.js [32m200 [0m70.008 ms - -[0m
[0mGET /js/lib/jquery-tag-editor.min.js [32m200 [0m73.122 ms - -[0m
[0mGET /js/lib/jquery.mixitup.min.js [32m200 [0m70.099 ms - -[0m
[0mGET /js/lib/content-filter.js [32m200 [0m71.856 ms - -[0m
[0mGET /js/lib/wordcloud.js.map [33m404 [0m73.390 ms - 162[0m
[0mGET /js/lib/jqcloud-1.0.4.min.js [32m200 [0m68.768 ms - -[0m
[0mGET /js/lib/chosen.jquery.js [32m200 [0m75.051 ms - -[0m
[0mGET /js/lib/chosen.jquery.min.js [32m200 [0m76.951 ms - -[0m
[0mGET /js/lib/moment.min.js [32m200 [0m85.039 ms - -[0m
[0mGET /js/lib/daterangepicker.min.js [32m200 [0m83.550 ms - -[0m
[0mGET /js/lib/datetimepicker.min.js [32m200 [0m81.353 ms - -[0m
[0mGET /sm/8cfffddf058dc09b67d92f8d849675e6b459dfb8ede5136cf5c98d10acf78cc3.map [33m404 [0m72.869 ms - 210[0m
[0mGET /js/comman.js [32m200 [0m147.542 ms - 916[0m
[0mGET /js/main.js [32m200 [0m158.685 ms - -[0m
[0mGET /js/dashboard.js [32m200 [0m144.059 ms - -[0m
[0mGET /js/lib/knockout-debug.js [32m200 [0m178.221 ms - -[0m
TCL: exports.getFoodCategoryItem -> data [ { foodCategory: [ 'bakery', 'italian', 'indian' ],
    _id: 5e3a7142c70d21191156fa06,
    category: 'flour',
    itemName: 'wheat',
    quantity: 70,
    role: 'manager',
    vendor: [ [Object], [Object] ] },
  { foodCategory: [],
    _id: 5e3a7153c70d21191156fa09,
    category: 'vegetable',
    itemName: 'Onions',
    quantity: 80,
    role: 'manager',
    vendor: [ [Object], [Object] ] },
  { foodCategory: [],
    _id: 5e3a7160c70d21191156fa0c,
    category: 'fats',
    itemName: 'butter',
    quantity: 60,
    role: 'manager',
    vendor: [ [Object], [Object] ] } ]
TCL: exports.getFoodCategoryItem -> data [ { _id: 5e391ada1c9d440000b9dc6d,
    name: 'flour',
    displayName: 'Flour' },
  { _id: 5e391aef1c9d440000b9dc6e,
    name: 'fats',
    displayName: 'Fats' },
  { _id: 5e391b071c9d440000b9dc6f,
    name: 'vegetable',
    displayName: 'Vegetables' } ]
[0mGET /icon.png [32m200 [0m68.229 ms - 13156[0m
[0mPOST /getInventoryItem [32m200 [0m104.367 ms - 924[0m
[0mPOST /foodCategories [32m200 [0m113.640 ms - 224[0m
[0mGET /dashboard [32m200 [0m167.014 ms - -[0m
[0mGET /css/lib/flag-icon.css [32m200 [0m74.983 ms - -[0m
[0mGET /css/lib/chosen.css [32m200 [0m77.961 ms - -[0m
[0mGET /images/newlogo.png [32m200 [0m80.515 ms - 37636[0m
[0mGET /css/main.css [32m200 [0m73.635 ms - -[0m
[0mGET /dummy_men.png [32m200 [0m79.545 ms - 75200[0m
[0mGET /css/lib/font-awesome/css/font-awesome.min.css [32m200 [0m80.603 ms - -[0m
[0mGET /dashboard [32m200 [0m176.921 ms - -[0m
[0mGET /js/lib/jquery-3.1.1.min.js [32m200 [0m176.158 ms - -[0m
[0mGET /js/lib/wordcloud.js [32m200 [0m168.699 ms - -[0m
[0mGET /js/lib/inputTags.jquery.js [32m200 [0m163.523 ms - -[0m
[0mGET /js/lib/highcharts.js [32m200 [0m167.931 ms - -[0m
[0mGET /js/lib/ion.rangeSlider.min.js [32m200 [0m169.215 ms - -[0m
[0mGET /js/lib/heat-map.js [32m200 [0m72.609 ms - -[0m
[0mGET /js/lib/jquery.bootstrap.wizard.min.js [0m- [0m- ms - -[0m
[0mGET /js/lib/jquery.cookie.js [0m- [0m- ms - -[0m
[0mGET /js/lib/bootstrap-multiselect.js [0m- [0m- ms - -[0m
[0mGET /js/lib/treemap.js [0m- [0m- ms - -[0m
[0mGET /js/lib/jquery.dataTables.min.js [0m- [0m- ms - -[0m
[0mGET /dashboard [32m200 [0m170.271 ms - -[0m
[0mGET /js/lib/highcharts.js.map [33m404 [0m74.921 ms - 163[0m
[0mGET /js/lib/wordcloud.js.map [33m404 [0m82.633 ms - 162[0m
[0mGET /css/lib/chosen.css [32m200 [0m83.551 ms - -[0m
[0mGET /css/main.css [32m200 [0m90.244 ms - -[0m
[0mGET /css/lib/flag-icon.css [32m200 [0m84.956 ms - -[0m
[0mGET /dummy_men.png [32m200 [0m68.619 ms - 75200[0m
[0mGET /css/lib/font-awesome/css/font-awesome.min.css [32m200 [0m85.222 ms - -[0m
[0mGET /images/newlogo.png [32m200 [0m84.302 ms - 37636[0m
[0mGET /js/lib/ion.rangeSlider.min.js [32m200 [0m75.072 ms - -[0m
[0mGET /js/lib/jquery-3.1.1.min.js [32m200 [0m80.194 ms - -[0m
[0mGET /js/lib/wordcloud.js [32m200 [0m79.289 ms - -[0m
[0mGET /js/lib/inputTags.jquery.js [32m200 [0m71.229 ms - -[0m
[0mGET /js/lib/heat-map.js [32m200 [0m71.821 ms - -[0m
[0mGET /js/lib/highcharts.js [32m200 [0m79.198 ms - -[0m
[0mGET /images/icon.png [32m200 [0m64.560 ms - 13156[0m
[0mGET /js/lib/treemap.js [32m200 [0m71.134 ms - -[0m
[0mGET /js/lib/bootstrap-multiselect.js [32m200 [0m71.341 ms - -[0m
[0mGET /js/lib/jquery.cookie.js [32m200 [0m68.787 ms - -[0m
[0mGET /js/lib/jquery.bootstrap.wizard.min.js [32m200 [0m64.996 ms - -[0m
[0mGET /js/lib/jquery.dataTables.min.js [32m200 [0m71.312 ms - -[0m
[0mGET /js/lib/highcharts.js.map [33m404 [0m76.589 ms - 163[0m
[0mGET /js/lib/wordcloud.js.map [33m404 [0m68.892 ms - 162[0m
[0mGET /js/lib/bootstrap.min.js [32m200 [0m78.263 ms - -[0m
[0mGET /js/lib/jquery.validate.min.js [32m200 [0m81.421 ms - -[0m
[0mGET /js/lib/jquery-caret.min.js [32m200 [0m73.015 ms - -[0m
[0mGET /js/lib/jquery-tag-editor.min.js [32m200 [0m70.262 ms - -[0m
[0mGET /js/lib/modernizr.js [32m200 [0m75.083 ms - -[0m
[0mGET /js/lib/jquery.mixitup.min.js [32m200 [0m70.059 ms - -[0m
[0mGET /js/lib/content-filter.js [32m200 [0m68.076 ms - -[0m
[0mGET /js/lib/jqcloud-1.0.4.min.js [32m200 [0m79.110 ms - -[0m
[0mGET /js/lib/chosen.jquery.js [32m200 [0m72.747 ms - -[0m
[0mGET /js/lib/moment.min.js [32m200 [0m76.007 ms - -[0m
[0mGET /js/lib/chosen.jquery.min.js [32m200 [0m67.789 ms - -[0m
[0mGET /js/lib/daterangepicker.min.js [32m200 [0m71.064 ms - -[0m
[0mGET /js/lib/datetimepicker.min.js [32m200 [0m68.743 ms - -[0m
[0mGET /js/comman.js [32m200 [0m77.136 ms - 916[0m
[0mGET /js/main.js [32m200 [0m83.802 ms - -[0m
[0mGET /sm/8cfffddf058dc09b67d92f8d849675e6b459dfb8ede5136cf5c98d10acf78cc3.map [33m404 [0m70.352 ms - 210[0m
[0mGET /js/lib/knockout-debug.js [32m200 [0m78.433 ms - -[0m
[0mGET /js/dashboard.js [32m200 [0m69.555 ms - -[0m
TCL: exports.getFoodCategoryItem -> data [ { foodCategory: [ 'bakery', 'italian', 'indian' ],
    _id: 5e3a7142c70d21191156fa06,
    category: 'flour',
    itemName: 'wheat',
    quantity: 70,
    role: 'manager',
    vendor: [ [Object], [Object] ] },
  { foodCategory: [],
    _id: 5e3a7153c70d21191156fa09,
    category: 'vegetable',
    itemName: 'Onions',
    quantity: 80,
    role: 'manager',
    vendor: [ [Object], [Object] ] },
  { foodCategory: [],
    _id: 5e3a7160c70d21191156fa0c,
    category: 'fats',
    itemName: 'butter',
    quantity: 60,
    role: 'manager',
    vendor: [ [Object], [Object] ] } ]
TCL: exports.getFoodCategoryItem -> data [ { _id: 5e391ada1c9d440000b9dc6d,
    name: 'flour',
    displayName: 'Flour' },
  { _id: 5e391aef1c9d440000b9dc6e,
    name: 'fats',
    displayName: 'Fats' },
  { _id: 5e391b071c9d440000b9dc6f,
    name: 'vegetable',
    displayName: 'Vegetables' } ]
[0mGET /icon.png [32m200 [0m315.737 ms - 13156[0m
[0mPOST /getInventoryItem [32m200 [0m332.561 ms - 924[0m
[0mPOST /foodCategories [32m200 [0m360.320 ms - 224[0m
[0mGET /dashboard [32m200 [0m174.226 ms - -[0m
[0mGET /dummy_men.png [32m200 [0m70.502 ms - 75200[0m
[0mGET /css/lib/chosen.css [32m200 [0m84.523 ms - -[0m
[0mGET /css/lib/flag-icon.css [32m200 [0m83.762 ms - -[0m
[0mGET /images/newlogo.png [32m200 [0m91.476 ms - 37636[0m
[0mGET /css/lib/font-awesome/css/font-awesome.min.css [32m200 [0m86.720 ms - -[0m
[0mGET /js/lib/jquery-3.1.1.min.js [32m200 [0m76.516 ms - -[0m
[0mGET /js/lib/ion.rangeSlider.min.js [32m200 [0m71.229 ms - -[0m
[0mGET /js/lib/highcharts.js [32m200 [0m71.458 ms - -[0m
[0mGET /js/lib/wordcloud.js [32m200 [0m70.124 ms - -[0m
[0mGET /js/lib/inputTags.jquery.js [32m200 [0m82.844 ms - -[0m
[0mGET /js/lib/heat-map.js [32m200 [0m76.508 ms - -[0m
[0mGET /js/lib/treemap.js [32m200 [0m75.262 ms - -[0m
[0mGET /js/lib/bootstrap-multiselect.js [32m200 [0m68.989 ms - -[0m
[0mGET /js/lib/jquery.cookie.js [32m200 [0m72.590 ms - -[0m
[0mGET /js/lib/jquery.dataTables.min.js [32m200 [0m77.824 ms - -[0m
[0mGET /js/lib/jquery.bootstrap.wizard.min.js [32m200 [0m76.626 ms - -[0m
[0mGET /js/lib/jquery.validate.min.js [32m200 [0m71.647 ms - -[0m
[0mGET /js/lib/jquery-caret.min.js [32m200 [0m68.999 ms - -[0m
[0mGET /js/lib/bootstrap.min.js [32m200 [0m73.604 ms - -[0m
[0mGET /js/lib/jquery-tag-editor.min.js [32m200 [0m75.682 ms - -[0m
[0mGET /js/lib/modernizr.js [32m200 [0m67.804 ms - -[0m
[0mGET /js/lib/jquery.mixitup.min.js [32m200 [0m68.520 ms - -[0m
[0mGET /js/lib/jqcloud-1.0.4.min.js [32m200 [0m80.207 ms - -[0m
[0mGET /js/lib/content-filter.js [32m200 [0m80.215 ms - -[0m
[0mGET /js/lib/moment.min.js [32m200 [0m78.441 ms - -[0m
[0mGET /js/lib/chosen.jquery.js [32m200 [0m69.657 ms - -[0m
[0mGET /js/lib/chosen.jquery.min.js [32m200 [0m72.579 ms - -[0m
[0mGET /js/lib/datetimepicker.min.js [32m200 [0m70.041 ms - -[0m
[0mGET /js/lib/daterangepicker.min.js [32m200 [0m86.812 ms - -[0m
[0mGET /js/main.js [32m200 [0m83.099 ms - -[0m
[0mGET /js/lib/knockout-debug.js [32m200 [0m69.460 ms - -[0m
[0mGET /js/comman.js [32m200 [0m71.631 ms - 916[0m
[0mGET /js/dashboard.js [32m200 [0m76.859 ms - -[0m
[0mGET /images/icon.png [32m200 [0m73.330 ms - 13156[0m
[0mGET /js/lib/highcharts.js.map [33m404 [0m75.040 ms - 163[0m
[0mGET /js/lib/wordcloud.js.map [33m404 [0m75.715 ms - 162[0m
[0mGET /sm/8cfffddf058dc09b67d92f8d849675e6b459dfb8ede5136cf5c98d10acf78cc3.map [33m404 [0m66.599 ms - 210[0m
TCL: exports.getFoodCategoryItem -> data [ { _id: 5e391ada1c9d440000b9dc6d,
    name: 'flour',
    displayName: 'Flour' },
  { _id: 5e391aef1c9d440000b9dc6e,
    name: 'fats',
    displayName: 'Fats' },
  { _id: 5e391b071c9d440000b9dc6f,
    name: 'vegetable',
    displayName: 'Vegetables' } ]
TCL: exports.getFoodCategoryItem -> data [ { foodCategory: [ 'bakery', 'italian', 'indian' ],
    _id: 5e3a7142c70d21191156fa06,
    category: 'flour',
    itemName: 'wheat',
    quantity: 70,
    role: 'manager',
    vendor: [ [Object], [Object] ] },
  { foodCategory: [],
    _id: 5e3a7153c70d21191156fa09,
    category: 'vegetable',
    itemName: 'Onions',
    quantity: 80,
    role: 'manager',
    vendor: [ [Object], [Object] ] },
  { foodCategory: [],
    _id: 5e3a7160c70d21191156fa0c,
    category: 'fats',
    itemName: 'butter',
    quantity: 60,
    role: 'manager',
    vendor: [ [Object], [Object] ] } ]
[0mPOST /foodCategories [32m200 [0m104.001 ms - 224[0m
[0mPOST /getInventoryItem [32m200 [0m106.147 ms - 924[0m
[0mGET /icon.png [32m200 [0m72.483 ms - 13156[0m
[0mGET /dashboard [32m200 [0m262.390 ms - -[0m
[0mGET /css/lib/flag-icon.css [32m200 [0m102.072 ms - -[0m
[0mGET /css/lib/chosen.css [32m200 [0m117.819 ms - -[0m
[0mGET /dummy_men.png [32m200 [0m90.897 ms - 75200[0m
[0mGET /images/newlogo.png [32m200 [0m95.130 ms - 37636[0m
[0mGET /css/lib/font-awesome/css/font-awesome.min.css [32m200 [0m91.719 ms - -[0m
[0mGET /css/main.css [32m200 [0m117.200 ms - -[0m
[0mGET /js/lib/ion.rangeSlider.min.js [32m200 [0m81.675 ms - -[0m
[0mGET /js/lib/jquery-3.1.1.min.js [32m200 [0m85.868 ms - -[0m
[0mGET /js/lib/wordcloud.js [32m200 [0m78.970 ms - -[0m
[0mGET /js/lib/inputTags.jquery.js [32m200 [0m79.045 ms - -[0m
[0mGET /js/lib/highcharts.js [32m200 [0m84.398 ms - -[0m
[0mGET /js/lib/heat-map.js [32m200 [0m68.284 ms - -[0m
[0mGET /images/icon.png [32m200 [0m71.890 ms - 13156[0m
[0mGET /js/lib/treemap.js [32m200 [0m70.903 ms - -[0m
[0mGET /js/lib/bootstrap-multiselect.js [32m200 [0m70.538 ms - -[0m
[0mGET /js/lib/jquery.cookie.js [32m200 [0m73.103 ms - -[0m
[0mGET /js/lib/jquery.bootstrap.wizard.min.js [32m200 [0m69.648 ms - -[0m
[0mGET /js/lib/jquery.dataTables.min.js [32m200 [0m77.856 ms - -[0m
[0mGET /js/lib/jquery.validate.min.js [32m200 [0m98.709 ms - -[0m
[0mGET /js/lib/bootstrap.min.js [32m200 [0m81.810 ms - -[0m
[0mGET /js/lib/jquery-caret.min.js [32m200 [0m72.448 ms - -[0m
[0mGET /js/lib/jquery-tag-editor.min.js [32m200 [0m74.836 ms - -[0m
[0mGET /js/lib/modernizr.js [32m200 [0m88.283 ms - -[0m
[0mGET /js/lib/jquery.mixitup.min.js [32m200 [0m90.526 ms - -[0m
[0mGET /js/lib/content-filter.js [32m200 [0m78.865 ms - -[0m
[0mGET /js/lib/jqcloud-1.0.4.min.js [32m200 [0m80.717 ms - -[0m
[0mGET /js/lib/moment.min.js [32m200 [0m72.842 ms - -[0m
[0mGET /js/lib/chosen.jquery.js [32m200 [0m68.221 ms - -[0m
[0mGET /js/lib/chosen.jquery.min.js [32m200 [0m73.045 ms - -[0m
[0mGET /js/lib/daterangepicker.min.js [32m200 [0m78.203 ms - -[0m
[0mGET /js/lib/highcharts.js.map [33m404 [0m78.879 ms - 163[0m
[0mGET /js/lib/wordcloud.js.map [33m404 [0m76.121 ms - 162[0m
[0mGET /js/lib/datetimepicker.min.js [32m200 [0m75.141 ms - -[0m
[0mGET /js/lib/knockout-debug.js [32m200 [0m73.745 ms - -[0m
[0mGET /js/main.js [32m200 [0m72.473 ms - -[0m
[0mGET /js/comman.js [32m200 [0m72.253 ms - 916[0m
[0mGET /js/dashboard.js [32m200 [0m70.278 ms - -[0m
[0mGET /sm/8cfffddf058dc09b67d92f8d849675e6b459dfb8ede5136cf5c98d10acf78cc3.map [33m404 [0m69.017 ms - 210[0m
TCL: exports.getFoodCategoryItem -> data [ { _id: 5e391ada1c9d440000b9dc6d,
    name: 'flour',
    displayName: 'Flour' },
  { _id: 5e391aef1c9d440000b9dc6e,
    name: 'fats',
    displayName: 'Fats' },
  { _id: 5e391b071c9d440000b9dc6f,
    name: 'vegetable',
    displayName: 'Vegetables' } ]
TCL: exports.getFoodCategoryItem -> data [ { foodCategory: [ 'bakery', 'italian', 'indian' ],
    _id: 5e3a7142c70d21191156fa06,
    category: 'flour',
    itemName: 'wheat',
    quantity: 70,
    role: 'manager',
    vendor: [ [Object], [Object] ] },
  { foodCategory: [],
    _id: 5e3a7153c70d21191156fa09,
    category: 'vegetable',
    itemName: 'Onions',
    quantity: 80,
    role: 'manager',
    vendor: [ [Object], [Object] ] },
  { foodCategory: [],
    _id: 5e3a7160c70d21191156fa0c,
    category: 'fats',
    itemName: 'butter',
    quantity: 60,
    role: 'manager',
    vendor: [ [Object], [Object] ] } ]
[0mPOST /foodCategories [32m200 [0m98.491 ms - 224[0m
[0mPOST /getInventoryItem [32m200 [0m110.358 ms - 924[0m
[0mGET /icon.png [32m200 [0m84.164 ms - 13156[0m
[0mGET /logout [36m302 [0m65.388 ms - 56[0m
[0mGET /login [32m200 [0m131.156 ms - -[0m
[0mGET /js/lib/highcharts.js.map [33m404 [0m38.063 ms - 163[0m
[0mGET /js/lib/wordcloud.js.map [33m404 [0m35.142 ms - 162[0m
[0mGET /sm/8cfffddf058dc09b67d92f8d849675e6b459dfb8ede5136cf5c98d10acf78cc3.map [33m404 [0m34.395 ms - 210[0m
[0mPOST /login [36m302 [0m134.290 ms - 54[0m
[0mGET /home [32m200 [0m137.585 ms - -[0m
[0mGET /js/lib/wordcloud.js.map [33m404 [0m65.498 ms - 162[0m
[0mGET /js/lib/highcharts.js.map [33m404 [0m69.914 ms - 163[0m
[0mGET /sm/8cfffddf058dc09b67d92f8d849675e6b459dfb8ede5136cf5c98d10acf78cc3.map [33m404 [0m69.992 ms - 210[0m
TCL: exports.getFoodCategoryItem -> data [ { _id: 5e391ada1c9d440000b9dc6d,
    name: 'flour',
    displayName: 'Flour' },
  { _id: 5e391aef1c9d440000b9dc6e,
    name: 'fats',
    displayName: 'Fats' },
  { _id: 5e391b071c9d440000b9dc6f,
    name: 'vegetable',
    displayName: 'Vegetables' } ]
[0mPOST /foodCategories [32m200 [0m104.975 ms - 224[0m
[0mGET /dashboard [32m200 [0m143.724 ms - -[0m
[0mGET /js/lib/wordcloud.js.map [33m404 [0m69.452 ms - 162[0m
[0mGET /js/lib/highcharts.js.map [33m404 [0m82.130 ms - 163[0m
[0mGET /sm/8cfffddf058dc09b67d92f8d849675e6b459dfb8ede5136cf5c98d10acf78cc3.map [33m404 [0m75.905 ms - 210[0m
TCL: exports.getFoodCategoryItem -> data [ { _id: 5e391ada1c9d440000b9dc6d,
    name: 'flour',
    displayName: 'Flour' },
  { _id: 5e391aef1c9d440000b9dc6e,
    name: 'fats',
    displayName: 'Fats' },
  { _id: 5e391b071c9d440000b9dc6f,
    name: 'vegetable',
    displayName: 'Vegetables' } ]
TCL: exports.getFoodCategoryItem -> data [ { foodCategory: [ 'bakery', 'italian', 'indian' ],
    _id: 5e3a7142c70d21191156fa06,
    category: 'flour',
    itemName: 'wheat',
    quantity: 70,
    role: 'manager',
    vendor: [ [Object], [Object] ] },
  { foodCategory: [],
    _id: 5e3a7153c70d21191156fa09,
    category: 'vegetable',
    itemName: 'Onions',
    quantity: 80,
    role: 'manager',
    vendor: [ [Object], [Object] ] },
  { foodCategory: [],
    _id: 5e3a7160c70d21191156fa0c,
    category: 'fats',
    itemName: 'butter',
    quantity: 60,
    role: 'manager',
    vendor: [ [Object], [Object] ] } ]
[0mPOST /foodCategories [32m200 [0m113.497 ms - 224[0m
[0mPOST /getInventoryItem [32m200 [0m117.175 ms - 924[0m
[0mGET /dashboard [32m200 [0m446.677 ms - -[0m
[0mGET /images/newlogo.png [32m200 [0m187.449 ms - 37636[0m
[0mGET /css/lib/chosen.css [32m200 [0m192.574 ms - -[0m
[0mGET /css/lib/flag-icon.css [32m200 [0m186.185 ms - -[0m
[0mGET /css/lib/font-awesome/css/font-awesome.min.css [32m200 [0m186.784 ms - -[0m
[0mGET /css/main.css [32m200 [0m85.691 ms - -[0m
[0mGET /dummy_men.png [32m200 [0m191.961 ms - 75200[0m
[0mGET /js/lib/jquery-3.1.1.min.js [32m200 [0m88.138 ms - -[0m
[0mGET /js/lib/ion.rangeSlider.min.js [32m200 [0m89.541 ms - -[0m
[0mGET /js/lib/wordcloud.js [32m200 [0m70.428 ms - -[0m
[0mGET /js/lib/highcharts.js [32m200 [0m70.952 ms - -[0m
[0mGET /js/lib/inputTags.jquery.js [32m200 [0m75.497 ms - -[0m
[0mGET /js/lib/heat-map.js [32m200 [0m74.493 ms - -[0m
[0mGET /js/lib/treemap.js [32m200 [0m72.313 ms - -[0m
[0mGET /images/icon.png [32m200 [0m110.070 ms - 13156[0m
[0mGET /js/lib/bootstrap-multiselect.js [32m200 [0m83.657 ms - -[0m
[0mGET /js/lib/jquery.cookie.js [32m200 [0m89.977 ms - -[0m
[0mGET /js/lib/jquery.dataTables.min.js [32m200 [0m80.128 ms - -[0m
[0mGET /js/lib/jquery.bootstrap.wizard.min.js [32m200 [0m84.014 ms - -[0m
[0mGET /js/lib/jquery.validate.min.js [32m200 [0m75.862 ms - -[0m
[0mGET /js/lib/bootstrap.min.js [32m200 [0m84.350 ms - -[0m
[0mGET /js/lib/jquery-tag-editor.min.js [32m200 [0m78.350 ms - -[0m
[0mGET /js/lib/jquery-caret.min.js [32m200 [0m83.109 ms - -[0m
[0mGET /js/lib/modernizr.js [32m200 [0m80.759 ms - -[0m
[0mGET /js/lib/jquery.mixitup.min.js [32m200 [0m77.814 ms - -[0m
[0mGET /js/lib/highcharts.js.map [33m404 [0m79.709 ms - 163[0m
[0mGET /js/lib/content-filter.js [32m200 [0m85.461 ms - -[0m
[0mGET /js/lib/wordcloud.js.map [33m404 [0m78.337 ms - 162[0m
[0mGET /js/lib/jqcloud-1.0.4.min.js [32m200 [0m69.454 ms - -[0m
[0mGET /js/lib/chosen.jquery.js [32m200 [0m76.975 ms - -[0m
[0mGET /js/lib/moment.min.js [32m200 [0m78.109 ms - -[0m
[0mGET /js/lib/chosen.jquery.min.js [32m200 [0m67.004 ms - -[0m
[0mGET /js/lib/daterangepicker.min.js [32m200 [0m193.407 ms - -[0m
[0mGET /js/lib/datetimepicker.min.js [32m200 [0m181.250 ms - -[0m
[0mGET /js/lib/knockout-debug.js [32m200 [0m164.055 ms - -[0m
[0mGET /js/comman.js [32m200 [0m172.692 ms - 916[0m
[0mGET /js/main.js [32m200 [0m179.186 ms - -[0m
[0mGET /js/dashboard.js [32m200 [0m83.868 ms - -[0m
[0mGET /sm/8cfffddf058dc09b67d92f8d849675e6b459dfb8ede5136cf5c98d10acf78cc3.map [33m404 [0m69.476 ms - 210[0m
TCL: exports.getFoodCategoryItem -> data [ { _id: 5e391ada1c9d440000b9dc6d,
    name: 'flour',
    displayName: 'Flour' },
  { _id: 5e391aef1c9d440000b9dc6e,
    name: 'fats',
    displayName: 'Fats' },
  { _id: 5e391b071c9d440000b9dc6f,
    name: 'vegetable',
    displayName: 'Vegetables' } ]
TCL: exports.getFoodCategoryItem -> data [ { foodCategory: [ 'bakery', 'italian', 'indian' ],
    _id: 5e3a7142c70d21191156fa06,
    category: 'flour',
    itemName: 'wheat',
    quantity: 70,
    role: 'manager',
    vendor: [ [Object], [Object] ] },
  { foodCategory: [],
    _id: 5e3a7153c70d21191156fa09,
    category: 'vegetable',
    itemName: 'Onions',
    quantity: 80,
    role: 'manager',
    vendor: [ [Object], [Object] ] },
  { foodCategory: [],
    _id: 5e3a7160c70d21191156fa0c,
    category: 'fats',
    itemName: 'butter',
    quantity: 60,
    role: 'manager',
    vendor: [ [Object], [Object] ] } ]
[0mPOST /foodCategories [32m200 [0m115.739 ms - 224[0m
[0mGET /icon.png [32m200 [0m81.803 ms - 13156[0m
[0mPOST /getInventoryItem [32m200 [0m109.111 ms - 924[0m
[0mGET /themeAnalysis [32m200 [0m256.600 ms - -[0m
[0mGET /js/lib/wordcloud.js.map [33m404 [0m68.285 ms - 162[0m
[0mGET /js/lib/highcharts.js.map [33m404 [0m72.247 ms - 163[0m
[0mGET /sm/8cfffddf058dc09b67d92f8d849675e6b459dfb8ede5136cf5c98d10acf78cc3.map [33m404 [0m70.779 ms - 210[0m
TCL: exports.getFoodCategoryItem -> data [ { _id: 5e391ada1c9d440000b9dc6d,
    name: 'flour',
    displayName: 'Flour' },
  { _id: 5e391aef1c9d440000b9dc6e,
    name: 'fats',
    displayName: 'Fats' },
  { _id: 5e391b071c9d440000b9dc6f,
    name: 'vegetable',
    displayName: 'Vegetables' } ]
[0mPOST /foodCategories [32m200 [0m102.513 ms - 224[0m
[0mGET / [36m302 [0m65.295 ms - 54[0m
[0mGET /home [32m200 [0m223.555 ms - -[0m
[0mGET /sm/8cfffddf058dc09b67d92f8d849675e6b459dfb8ede5136cf5c98d10acf78cc3.map [33m404 [0m146.350 ms - 210[0m
[0mGET /js/lib/wordcloud.js.map [33m404 [0m170.963 ms - 162[0m
[0mGET /js/lib/highcharts.js.map [33m404 [0m171.745 ms - 163[0m
TCL: exports.getFoodCategoryItem -> data [ { _id: 5e391ada1c9d440000b9dc6d,
    name: 'flour',
    displayName: 'Flour' },
  { _id: 5e391aef1c9d440000b9dc6e,
    name: 'fats',
    displayName: 'Fats' },
  { _id: 5e391b071c9d440000b9dc6f,
    name: 'vegetable',
    displayName: 'Vegetables' } ]
[0mPOST /foodCategories [32m200 [0m119.098 ms - 224[0m
[0mGET /themeAnalysis [32m200 [0m178.475 ms - -[0m
[0mGET /js/lib/wordcloud.js.map [33m404 [0m65.010 ms - 162[0m
[0mGET /js/lib/highcharts.js.map [33m404 [0m73.490 ms - 163[0m
[0mGET /sm/8cfffddf058dc09b67d92f8d849675e6b459dfb8ede5136cf5c98d10acf78cc3.map [33m404 [0m69.054 ms - 210[0m
TCL: exports.getFoodCategoryItem -> data [ { _id: 5e391ada1c9d440000b9dc6d,
    name: 'flour',
    displayName: 'Flour' },
  { _id: 5e391aef1c9d440000b9dc6e,
    name: 'fats',
    displayName: 'Fats' },
  { _id: 5e391b071c9d440000b9dc6f,
    name: 'vegetable',
    displayName: 'Vegetables' } ]
[0mPOST /foodCategories [32m200 [0m105.288 ms - 224[0m
[0mGET / [36m302 [0m65.849 ms - 54[0m
[0mGET /home [32m200 [0m175.718 ms - -[0m
[0mGET /js/lib/highcharts.js.map [33m404 [0m71.520 ms - 163[0m
[0mGET /js/lib/wordcloud.js.map [33m404 [0m70.131 ms - 162[0m
[0mGET /sm/8cfffddf058dc09b67d92f8d849675e6b459dfb8ede5136cf5c98d10acf78cc3.map [33m404 [0m69.457 ms - 210[0m
TCL: exports.getFoodCategoryItem -> data [ { _id: 5e391ada1c9d440000b9dc6d,
    name: 'flour',
    displayName: 'Flour' },
  { _id: 5e391aef1c9d440000b9dc6e,
    name: 'fats',
    displayName: 'Fats' },
  { _id: 5e391b071c9d440000b9dc6f,
    name: 'vegetable',
    displayName: 'Vegetables' } ]
[0mPOST /foodCategories [32m200 [0m103.452 ms - 224[0m
[0mGET /themeAnalysis [32m200 [0m157.005 ms - -[0m
[0mGET /js/lib/wordcloud.js.map [33m404 [0m69.723 ms - 162[0m
[0mGET /js/lib/highcharts.js.map [33m404 [0m71.140 ms - 163[0m
[0mGET /sm/8cfffddf058dc09b67d92f8d849675e6b459dfb8ede5136cf5c98d10acf78cc3.map [33m404 [0m75.563 ms - 210[0m
TCL: exports.getFoodCategoryItem -> data [ { _id: 5e391ada1c9d440000b9dc6d,
    name: 'flour',
    displayName: 'Flour' },
  { _id: 5e391aef1c9d440000b9dc6e,
    name: 'fats',
    displayName: 'Fats' },
  { _id: 5e391b071c9d440000b9dc6f,
    name: 'vegetable',
    displayName: 'Vegetables' } ]
[0mPOST /foodCategories [32m200 [0m110.566 ms - 224[0m
[0mGET / [36m302 [0m69.453 ms - 54[0m
[0mGET /home [32m200 [0m175.129 ms - -[0m
[0mGET /js/lib/highcharts.js.map [33m404 [0m67.197 ms - 163[0m
[0mGET /js/lib/wordcloud.js.map [33m404 [0m82.845 ms - 162[0m
[0mGET /sm/8cfffddf058dc09b67d92f8d849675e6b459dfb8ede5136cf5c98d10acf78cc3.map [33m404 [0m69.005 ms - 210[0m
TCL: exports.getFoodCategoryItem -> data [ { _id: 5e391ada1c9d440000b9dc6d,
    name: 'flour',
    displayName: 'Flour' },
  { _id: 5e391aef1c9d440000b9dc6e,
    name: 'fats',
    displayName: 'Fats' },
  { _id: 5e391b071c9d440000b9dc6f,
    name: 'vegetable',
    displayName: 'Vegetables' } ]
[0mPOST /foodCategories [32m200 [0m104.481 ms - 224[0m
[0mGET /themeAnalysis [32m200 [0m159.117 ms - -[0m
[0mGET /js/lib/highcharts.js.map [33m404 [0m66.990 ms - 163[0m
[0mGET /js/lib/wordcloud.js.map [33m404 [0m70.729 ms - 162[0m
[0mGET /sm/8cfffddf058dc09b67d92f8d849675e6b459dfb8ede5136cf5c98d10acf78cc3.map [33m404 [0m69.489 ms - 210[0m
TCL: exports.getFoodCategoryItem -> data [ { _id: 5e391ada1c9d440000b9dc6d,
    name: 'flour',
    displayName: 'Flour' },
  { _id: 5e391aef1c9d440000b9dc6e,
    name: 'fats',
    displayName: 'Fats' },
  { _id: 5e391b071c9d440000b9dc6f,
    name: 'vegetable',
    displayName: 'Vegetables' } ]
[0mPOST /foodCategories [32m200 [0m104.283 ms - 224[0m
[0mPOST /getItemName [32m200 [0m103.139 ms - 56[0m
[0mGET /dashboard [32m200 [0m165.956 ms - -[0m
[0mGET /js/lib/highcharts.js.map [33m404 [0m67.596 ms - 163[0m
[0mGET /js/lib/wordcloud.js.map [33m404 [0m71.976 ms - 162[0m
[0mGET /sm/8cfffddf058dc09b67d92f8d849675e6b459dfb8ede5136cf5c98d10acf78cc3.map [33m404 [0m68.495 ms - 210[0m
TCL: exports.getFoodCategoryItem -> data [ { _id: 5e391ada1c9d440000b9dc6d,
    name: 'flour',
    displayName: 'Flour' },
  { _id: 5e391aef1c9d440000b9dc6e,
    name: 'fats',
    displayName: 'Fats' },
  { _id: 5e391b071c9d440000b9dc6f,
    name: 'vegetable',
    displayName: 'Vegetables' } ]
TCL: exports.getFoodCategoryItem -> data [ { foodCategory: [ 'bakery', 'italian', 'indian' ],
    _id: 5e3a7142c70d21191156fa06,
    category: 'flour',
    itemName: 'wheat',
    quantity: 70,
    role: 'manager',
    vendor: [ [Object], [Object] ] },
  { foodCategory: [],
    _id: 5e3a7153c70d21191156fa09,
    category: 'vegetable',
    itemName: 'Onions',
    quantity: 80,
    role: 'manager',
    vendor: [ [Object], [Object] ] },
  { foodCategory: [],
    _id: 5e3a7160c70d21191156fa0c,
    category: 'fats',
    itemName: 'butter',
    quantity: 60,
    role: 'manager',
    vendor: [ [Object], [Object] ] } ]
[0mPOST /foodCategories [32m200 [0m99.785 ms - 224[0m
[0mPOST /getInventoryItem [32m200 [0m103.652 ms - 924[0m
[0mGET / [36m302 [0m67.918 ms - 54[0m
[0mGET /home [32m200 [0m159.444 ms - -[0m
[0mGET /js/lib/highcharts.js.map [33m404 [0m68.545 ms - 163[0m
[0mGET /js/lib/wordcloud.js.map [33m404 [0m71.345 ms - 162[0m
[0mGET /sm/8cfffddf058dc09b67d92f8d849675e6b459dfb8ede5136cf5c98d10acf78cc3.map [33m404 [0m73.556 ms - 210[0m
TCL: exports.getFoodCategoryItem -> data [ { _id: 5e391ada1c9d440000b9dc6d,
    name: 'flour',
    displayName: 'Flour' },
  { _id: 5e391aef1c9d440000b9dc6e,
    name: 'fats',
    displayName: 'Fats' },
  { _id: 5e391b071c9d440000b9dc6f,
    name: 'vegetable',
    displayName: 'Vegetables' } ]
[0mPOST /foodCategories [32m200 [0m102.401 ms - 224[0m
[0mGET /home [32m200 [0m163.468 ms - -[0m
[0mGET /images/newlogo.png [32m200 [0m77.349 ms - 37636[0m
[0mGET /css/lib/flag-icon.css [32m200 [0m78.222 ms - -[0m
[0mGET /dummy_men.png [32m200 [0m78.270 ms - 75200[0m
[0mGET /css/lib/font-awesome/css/font-awesome.min.css [32m200 [0m84.695 ms - -[0m
[0mGET /css/lib/chosen.css [32m200 [0m88.751 ms - -[0m
[0mGET /css/main.css [32m200 [0m82.519 ms - -[0m
[0mGET /js/lib/ion.rangeSlider.min.js [32m200 [0m74.392 ms - -[0m
[0mGET /js/lib/jquery-3.1.1.min.js [32m200 [0m84.497 ms - -[0m
[0mGET /js/lib/highcharts.js [32m200 [0m72.023 ms - -[0m
[0mGET /js/lib/inputTags.jquery.js [32m200 [0m84.283 ms - -[0m
[0mGET /js/lib/wordcloud.js [32m200 [0m87.064 ms - -[0m
[0mGET /js/lib/heat-map.js [32m200 [0m77.693 ms - -[0m
[0mGET /js/lib/treemap.js [32m200 [0m196.523 ms - -[0m
[0mGET /js/lib/bootstrap-multiselect.js [32m200 [0m148.363 ms - -[0m
[0mGET /images/icon.png [32m200 [0m152.459 ms - 13156[0m
[0mGET /js/lib/jquery.bootstrap.wizard.min.js [32m200 [0m161.755 ms - -[0m
[0mGET /js/lib/jquery.cookie.js [32m200 [0m166.380 ms - -[0m
[0mGET /js/lib/jquery.dataTables.min.js [32m200 [0m174.625 ms - -[0m
[0mGET /js/lib/jquery.validate.min.js [32m200 [0m72.302 ms - -[0m
[0mGET /js/lib/bootstrap.min.js [32m200 [0m73.746 ms - -[0m
[0mGET /js/lib/jquery-caret.min.js [32m200 [0m76.098 ms - -[0m
[0mGET /js/lib/jquery-tag-editor.min.js [32m200 [0m68.452 ms - -[0m
[0mGET /js/lib/modernizr.js [32m200 [0m70.515 ms - -[0m
[0mGET /js/lib/highcharts.js.map [33m404 [0m79.266 ms - 163[0m
[0mGET /js/lib/jquery.mixitup.min.js [32m200 [0m66.262 ms - -[0m
[0mGET /js/lib/wordcloud.js.map [33m404 [0m75.567 ms - 162[0m
[0mGET /js/lib/jqcloud-1.0.4.min.js [32m200 [0m71.505 ms - -[0m
[0mGET /js/lib/content-filter.js [32m200 [0m71.484 ms - -[0m
[0mGET /js/lib/chosen.jquery.js [32m200 [0m65.590 ms - -[0m
[0mGET /js/lib/moment.min.js [32m200 [0m80.235 ms - -[0m
[0mGET /js/lib/daterangepicker.min.js [32m200 [0m85.055 ms - -[0m
[0mGET /js/lib/chosen.jquery.min.js [32m200 [0m83.528 ms - -[0m
[0mGET /js/main.js [32m200 [0m101.014 ms - -[0m
[0mGET /js/lib/datetimepicker.min.js [32m200 [0m115.190 ms - -[0m
[0mGET /js/comman.js [32m200 [0m105.504 ms - 916[0m
[0mGET /js/lib/knockout-debug.js [32m200 [0m112.722 ms - -[0m
[0mGET /sm/8cfffddf058dc09b67d92f8d849675e6b459dfb8ede5136cf5c98d10acf78cc3.map [33m404 [0m78.435 ms - 210[0m
TCL: exports.getFoodCategoryItem -> data [ { _id: 5e391ada1c9d440000b9dc6d,
    name: 'flour',
    displayName: 'Flour' },
  { _id: 5e391aef1c9d440000b9dc6e,
    name: 'fats',
    displayName: 'Fats' },
  { _id: 5e391b071c9d440000b9dc6f,
    name: 'vegetable',
    displayName: 'Vegetables' } ]
[0mGET /icon.png [32m200 [0m67.869 ms - 13156[0m
[0mPOST /foodCategories [32m200 [0m104.780 ms - 224[0m
[0mGET /home [32m200 [0m284.838 ms - -[0m
[0mGET /css/lib/flag-icon.css [32m200 [0m75.896 ms - -[0m
[0mGET /css/lib/chosen.css [32m200 [0m76.430 ms - -[0m
[0mGET /css/lib/font-awesome/css/font-awesome.min.css [32m200 [0m102.389 ms - -[0m
[0mGET /dummy_men.png [32m200 [0m101.748 ms - 75200[0m
[0mGET /css/main.css [32m200 [0m83.399 ms - -[0m
[0mGET /images/newlogo.png [32m200 [0m100.397 ms - 37636[0m
[0mGET /js/lib/jquery-3.1.1.min.js [32m200 [0m65.982 ms - -[0m
[0mGET /js/lib/wordcloud.js [32m200 [0m79.150 ms - -[0m
[0mGET /js/lib/ion.rangeSlider.min.js [32m200 [0m75.564 ms - -[0m
[0mGET /js/lib/highcharts.js [32m200 [0m74.877 ms - -[0m
[0mGET /js/lib/inputTags.jquery.js [32m200 [0m71.808 ms - -[0m
[0mGET /js/lib/heat-map.js [32m200 [0m73.006 ms - -[0m
[0mGET /images/icon.png [32m200 [0m71.549 ms - 13156[0m
[0mGET /js/lib/treemap.js [32m200 [0m76.805 ms - -[0m
[0mGET /js/lib/bootstrap-multiselect.js [32m200 [0m74.171 ms - -[0m
[0mGET /js/lib/jquery.cookie.js [32m200 [0m68.001 ms - -[0m
[0mGET /js/lib/jquery.dataTables.min.js [32m200 [0m66.015 ms - -[0m
[0mGET /js/lib/jquery.bootstrap.wizard.min.js [32m200 [0m71.757 ms - -[0m
[0mGET /js/lib/jquery.validate.min.js [32m200 [0m73.978 ms - -[0m
[0mGET /js/lib/jquery-caret.min.js [32m200 [0m72.793 ms - -[0m
[0mGET /js/lib/jquery-tag-editor.min.js [32m200 [0m66.346 ms - -[0m
[0mGET /js/lib/bootstrap.min.js [32m200 [0m76.532 ms - -[0m
[0mGET /js/lib/modernizr.js [32m200 [0m79.015 ms - -[0m
[0mGET /js/lib/content-filter.js [32m200 [0m87.116 ms - -[0m
[0mGET /js/lib/highcharts.js.map [33m404 [0m82.133 ms - 163[0m
[0mGET /js/lib/jquery.mixitup.min.js [32m200 [0m122.640 ms - -[0m
[0mGET /js/lib/wordcloud.js.map [33m404 [0m104.398 ms - 162[0m
[0mGET /js/lib/jqcloud-1.0.4.min.js [32m200 [0m92.978 ms - -[0m
[0mGET /js/lib/moment.min.js [32m200 [0m87.410 ms - -[0m
[0mGET /js/lib/chosen.jquery.js [32m200 [0m100.026 ms - -[0m
[0mGET /js/lib/chosen.jquery.min.js [32m200 [0m92.271 ms - -[0m
[0mGET /js/lib/datetimepicker.min.js [32m200 [0m86.614 ms - -[0m
[0mGET /js/lib/daterangepicker.min.js [32m200 [0m99.131 ms - -[0m
[0mGET /js/main.js [32m200 [0m165.166 ms - -[0m
[0mGET /js/lib/knockout-debug.js [32m200 [0m179.508 ms - -[0m
[0mGET /js/comman.js [32m200 [0m154.489 ms - 916[0m
[0mGET /sm/8cfffddf058dc09b67d92f8d849675e6b459dfb8ede5136cf5c98d10acf78cc3.map [33m404 [0m65.406 ms - 210[0m
TCL: exports.getFoodCategoryItem -> data [ { _id: 5e391ada1c9d440000b9dc6d,
    name: 'flour',
    displayName: 'Flour' },
  { _id: 5e391aef1c9d440000b9dc6e,
    name: 'fats',
    displayName: 'Fats' },
  { _id: 5e391b071c9d440000b9dc6f,
    name: 'vegetable',
    displayName: 'Vegetables' } ]
[0mGET /icon.png [32m200 [0m68.462 ms - 13156[0m
[0mPOST /foodCategories [32m200 [0m110.452 ms - 224[0m
[0mGET /home [32m200 [0m278.702 ms - -[0m
[0mGET /css/lib/chosen.css [32m200 [0m68.800 ms - -[0m
[0mGET /css/lib/flag-icon.css [32m200 [0m81.559 ms - -[0m
[0mGET /css/main.css [32m200 [0m75.736 ms - -[0m
[0mGET /images/newlogo.png [32m200 [0m76.928 ms - 37636[0m
[0mGET /dummy_men.png [32m200 [0m74.784 ms - 75200[0m
[0mGET /css/lib/font-awesome/css/font-awesome.min.css [32m200 [0m74.686 ms - -[0m
[0mGET /js/lib/jquery-3.1.1.min.js [32m200 [0m90.699 ms - -[0m
[0mGET /js/lib/ion.rangeSlider.min.js [32m200 [0m87.878 ms - -[0m
[0mGET /js/lib/wordcloud.js [32m200 [0m88.272 ms - -[0m
[0mGET /js/lib/highcharts.js [32m200 [0m85.978 ms - -[0m
[0mGET /js/lib/heat-map.js [32m200 [0m83.988 ms - -[0m
[0mGET /js/lib/inputTags.jquery.js [32m200 [0m96.606 ms - -[0m
[0mGET /images/icon.png [32m200 [0m85.914 ms - 13156[0m
[0mGET /js/lib/treemap.js [32m200 [0m86.284 ms - -[0m
[0mGET /js/lib/bootstrap-multiselect.js [32m200 [0m75.041 ms - -[0m
[0mGET /js/lib/jquery.cookie.js [32m200 [0m74.696 ms - -[0m
[0mGET /js/lib/jquery.bootstrap.wizard.min.js [32m200 [0m88.080 ms - -[0m
[0mGET /js/lib/jquery.dataTables.min.js [32m200 [0m89.792 ms - -[0m
[0mGET /js/lib/jquery.validate.min.js [32m200 [0m91.145 ms - -[0m
[0mGET /js/lib/jquery-tag-editor.min.js [32m200 [0m69.244 ms - -[0m
[0mGET /js/lib/bootstrap.min.js [32m200 [0m78.866 ms - -[0m
[0mGET /js/lib/jquery-caret.min.js [32m200 [0m80.722 ms - -[0m
[0mGET /js/lib/highcharts.js.map [33m404 [0m91.515 ms - 163[0m
[0mGET /js/lib/modernizr.js [32m200 [0m70.009 ms - -[0m
[0mGET /js/lib/jquery.mixitup.min.js [32m200 [0m82.442 ms - -[0m
[0mGET /js/lib/wordcloud.js.map [33m404 [0m77.767 ms - 162[0m
[0mGET /js/lib/content-filter.js [32m200 [0m72.722 ms - -[0m
[0mGET /js/lib/jqcloud-1.0.4.min.js [32m200 [0m70.112 ms - -[0m
[0mGET /js/lib/moment.min.js [32m200 [0m83.822 ms - -[0m
[0mGET /js/lib/chosen.jquery.js [32m200 [0m76.691 ms - -[0m
[0mGET /js/lib/chosen.jquery.min.js [32m200 [0m73.719 ms - -[0m
[0mGET /js/lib/daterangepicker.min.js [32m200 [0m70.519 ms - -[0m
[0mGET /js/lib/datetimepicker.min.js [32m200 [0m78.005 ms - -[0m
[0mGET /js/main.js [32m200 [0m69.102 ms - -[0m
[0mGET /js/comman.js [32m200 [0m71.138 ms - 916[0m
[0mGET /js/lib/knockout-debug.js [32m200 [0m72.341 ms - -[0m
[0mGET /sm/8cfffddf058dc09b67d92f8d849675e6b459dfb8ede5136cf5c98d10acf78cc3.map [33m404 [0m69.950 ms - 210[0m
TCL: exports.getFoodCategoryItem -> data [ { _id: 5e391ada1c9d440000b9dc6d,
    name: 'flour',
    displayName: 'Flour' },
  { _id: 5e391aef1c9d440000b9dc6e,
    name: 'fats',
    displayName: 'Fats' },
  { _id: 5e391b071c9d440000b9dc6f,
    name: 'vegetable',
    displayName: 'Vegetables' } ]
[0mGET /icon.png [32m200 [0m79.167 ms - 13156[0m
[0mPOST /foodCategories [32m200 [0m100.662 ms - 224[0m
[0mGET /themeAnalysis [32m200 [0m211.175 ms - -[0m
[0mGET /js/lib/wordcloud.js.map [33m404 [0m70.532 ms - 162[0m
[0mGET /js/lib/highcharts.js.map [33m404 [0m73.803 ms - 163[0m
[0mGET /sm/8cfffddf058dc09b67d92f8d849675e6b459dfb8ede5136cf5c98d10acf78cc3.map [33m404 [0m70.010 ms - 210[0m
TCL: exports.getFoodCategoryItem -> data [ { _id: 5e391ada1c9d440000b9dc6d,
    name: 'flour',
    displayName: 'Flour' },
  { _id: 5e391aef1c9d440000b9dc6e,
    name: 'fats',
    displayName: 'Fats' },
  { _id: 5e391b071c9d440000b9dc6f,
    name: 'vegetable',
    displayName: 'Vegetables' } ]
[0mPOST /foodCategories [32m200 [0m100.541 ms - 224[0m
[0mGET /dashboard [32m200 [0m183.467 ms - -[0m
[0mGET /sm/8cfffddf058dc09b67d92f8d849675e6b459dfb8ede5136cf5c98d10acf78cc3.map [33m404 [0m67.170 ms - 210[0m
[0mGET /js/lib/highcharts.js.map [33m404 [0m84.198 ms - 163[0m
[0mGET /js/lib/wordcloud.js.map [33m404 [0m92.446 ms - 162[0m
TCL: exports.getFoodCategoryItem -> data [ { _id: 5e391ada1c9d440000b9dc6d,
    name: 'flour',
    displayName: 'Flour' },
  { _id: 5e391aef1c9d440000b9dc6e,
    name: 'fats',
    displayName: 'Fats' },
  { _id: 5e391b071c9d440000b9dc6f,
    name: 'vegetable',
    displayName: 'Vegetables' } ]
TCL: exports.getFoodCategoryItem -> data [ { foodCategory: [ 'bakery', 'italian', 'indian' ],
    _id: 5e3a7142c70d21191156fa06,
    category: 'flour',
    itemName: 'wheat',
    quantity: 70,
    role: 'manager',
    vendor: [ [Object], [Object] ] },
  { foodCategory: [],
    _id: 5e3a7153c70d21191156fa09,
    category: 'vegetable',
    itemName: 'Onions',
    quantity: 80,
    role: 'manager',
    vendor: [ [Object], [Object] ] },
  { foodCategory: [],
    _id: 5e3a7160c70d21191156fa0c,
    category: 'fats',
    itemName: 'butter',
    quantity: 60,
    role: 'manager',
    vendor: [ [Object], [Object] ] } ]
[0mPOST /foodCategories [32m200 [0m100.104 ms - 224[0m
[0mPOST /getInventoryItem [32m200 [0m115.255 ms - 924[0m
[0mGET / [36m302 [0m68.471 ms - 54[0m
[0mGET /home [32m200 [0m207.239 ms - -[0m
[0mGET /js/lib/highcharts.js.map [33m404 [0m71.062 ms - 163[0m
[0mGET /js/lib/wordcloud.js.map [33m404 [0m71.481 ms - 162[0m
[0mGET /sm/8cfffddf058dc09b67d92f8d849675e6b459dfb8ede5136cf5c98d10acf78cc3.map [33m404 [0m71.533 ms - 210[0m
TCL: exports.getFoodCategoryItem -> data [ { _id: 5e391ada1c9d440000b9dc6d,
    name: 'flour',
    displayName: 'Flour' },
  { _id: 5e391aef1c9d440000b9dc6e,
    name: 'fats',
    displayName: 'Fats' },
  { _id: 5e391b071c9d440000b9dc6f,
    name: 'vegetable',
    displayName: 'Vegetables' } ]
[0mPOST /foodCategories [32m200 [0m124.358 ms - 224[0m
[0mGET /dashboard [32m200 [0m173.489 ms - -[0m
[0mGET /js/lib/wordcloud.js.map [33m404 [0m68.367 ms - 162[0m
[0mGET /sm/8cfffddf058dc09b67d92f8d849675e6b459dfb8ede5136cf5c98d10acf78cc3.map [33m404 [0m77.971 ms - 210[0m
[0mGET /js/lib/highcharts.js.map [33m404 [0m103.839 ms - 163[0m
TCL: exports.getFoodCategoryItem -> data [ { _id: 5e391ada1c9d440000b9dc6d,
    name: 'flour',
    displayName: 'Flour' },
  { _id: 5e391aef1c9d440000b9dc6e,
    name: 'fats',
    displayName: 'Fats' },
  { _id: 5e391b071c9d440000b9dc6f,
    name: 'vegetable',
    displayName: 'Vegetables' } ]
TCL: exports.getFoodCategoryItem -> data [ { foodCategory: [ 'bakery', 'italian', 'indian' ],
    _id: 5e3a7142c70d21191156fa06,
    category: 'flour',
    itemName: 'wheat',
    quantity: 70,
    role: 'manager',
    vendor: [ [Object], [Object] ] },
  { foodCategory: [],
    _id: 5e3a7153c70d21191156fa09,
    category: 'vegetable',
    itemName: 'Onions',
    quantity: 80,
    role: 'manager',
    vendor: [ [Object], [Object] ] },
  { foodCategory: [],
    _id: 5e3a7160c70d21191156fa0c,
    category: 'fats',
    itemName: 'butter',
    quantity: 60,
    role: 'manager',
    vendor: [ [Object], [Object] ] } ]
[0mPOST /foodCategories [32m200 [0m99.532 ms - 224[0m
[0mPOST /getInventoryItem [32m200 [0m124.878 ms - 924[0m
[0mGET /logout [36m302 [0m73.899 ms - 56[0m
[0mGET /login [32m200 [0m132.686 ms - -[0m
[0mGET /js/lib/wordcloud.js.map [33m404 [0m36.493 ms - 162[0m
[0mGET /js/lib/highcharts.js.map [33m404 [0m35.641 ms - 163[0m
[0mGET /sm/8cfffddf058dc09b67d92f8d849675e6b459dfb8ede5136cf5c98d10acf78cc3.map [33m404 [0m34.807 ms - 210[0m
