 
 
 
------------------------------------------
App is running with following parameters:
Environment:  development
Port:         8080
MongoDB:      mongodb+srv://ankit:Ankit@cluster0-sex6d.mongodb.net/test?retryWrites=true&w=majority
URL:          http://localhost:8080/
------------------------------------------
 
 
 
{ Error: tunneling socket could not be established, cause=write EPROTO 139657365305216:error:140770FC:SSL routines:SSL23_GET_SERVER_HELLO:unknown protocol:../deps/openssl/openssl/ssl/s23_clnt.c:827:

    at ClientRequest.onError (/home/ankit/Desktop/inventory_management/node_modules/tunnel-agent/index.js:177:17)
    at Object.onceWrapper (events.js:315:30)
    at emitOne (events.js:116:13)
    at ClientRequest.emit (events.js:211:7)
    at TLSSocket.socketErrorListener (_http_client.js:387:9)
    at emitOne (events.js:116:13)
    at TLSSocket.emit (events.js:211:7)
    at onwriteError (_stream_writable.js:418:12)
    at onwrite (_stream_writable.js:440:5)
    at _destroy (internal/streams/destroy.js:39:7)
    at TLSSocket.Socket._destroy (net.js:564:3)
    at TLSSocket.destroy (internal/streams/destroy.js:32:8)
    at WriteWrap.afterWrite [as oncomplete] (net.js:866:10) code: 'ECONNRESET' }
[0mGET /dashboard [32m200 [0m4042.673 ms - -[0m
[0mGET /css/lib/chosen.css [32m200 [0m241.003 ms - -[0m
[0mGET /images/newlogo.png [32m200 [0m135.854 ms - 37636[0m
[0mGET /dummy_men.png [32m200 [0m163.663 ms - 75200[0m
[0mGET /css/lib/font-awesome/css/font-awesome.min.css [32m200 [0m748.836 ms - -[0m
[0mGET /css/lib/flag-icon.css [32m200 [0m454.929 ms - -[0m
[0mGET /js/lib/jquery-3.1.1.min.js [32m200 [0m449.141 ms - -[0m
[0mGET /js/lib/highcharts.js [32m200 [0m687.477 ms - -[0m
[0mGET /js/lib/ion.rangeSlider.min.js [32m200 [0m1081.954 ms - -[0m
[0mGET /js/lib/heat-map.js [32m200 [0m96.788 ms - -[0m
[0mGET /js/lib/wordcloud.js [32m200 [0m108.432 ms - -[0m
[0mGET /js/lib/inputTags.jquery.js [32m200 [0m68.478 ms - -[0m
[0mGET /js/lib/jquery.cookie.js [32m200 [0m260.422 ms - -[0m
[0mGET /js/lib/treemap.js [32m200 [0m503.670 ms - -[0m
[0mGET /js/lib/bootstrap-multiselect.js [32m200 [0m429.544 ms - -[0m
[0mGET /js/lib/jquery.bootstrap.wizard.min.js [32m200 [0m254.979 ms - -[0m
[0mGET /js/lib/jquery-tag-editor.min.js [32m200 [0m170.061 ms - -[0m
[0mGET /js/lib/jquery-caret.min.js [32m200 [0m177.266 ms - -[0m
[0mGET /js/lib/jquery.dataTables.min.js [32m200 [0m661.288 ms - -[0m
[0mGET /js/lib/jquery.validate.min.js [32m200 [0m210.525 ms - -[0m
[0mGET /js/lib/modernizr.js [32m200 [0m187.280 ms - -[0m
[0mGET /js/lib/bootstrap.min.js [32m200 [0m512.094 ms - -[0m
[0mGET /js/lib/moment.min.js [32m200 [0m70.778 ms - -[0m
[0mGET /js/lib/jquery.mixitup.min.js [32m200 [0m186.903 ms - -[0m
[0mGET /js/lib/jqcloud-1.0.4.min.js [32m200 [0m192.460 ms - -[0m
[0mGET /js/lib/content-filter.js [32m200 [0m177.905 ms - -[0m
[0mGET /js/lib/chosen.jquery.min.js [32m200 [0m116.461 ms - -[0m
[0mGET /js/lib/chosen.jquery.js [32m200 [0m120.916 ms - -[0m
[0mGET /js/lib/datetimepicker.min.js [32m200 [0m109.969 ms - -[0m
[0mGET /js/lib/knockout-debug.js [32m200 [0m107.037 ms - -[0m
[0mGET /js/main.js [32m200 [0m144.043 ms - -[0m
[0mGET /js/lib/daterangepicker.min.js [32m200 [0m158.796 ms - -[0m
[0mGET /js/comman.js [32m200 [0m164.477 ms - 916[0m
[0mGET /js/lib/highcharts.js.map [33m404 [0m613.835 ms - 163[0m
[0mGET /js/lib/wordcloud.js.map [33m404 [0m613.130 ms - 162[0m
[0mGET /js/dashboard.js [32m200 [0m138.672 ms - -[0m
[0mGET /images/icon.png [32m200 [0m96.844 ms - 13156[0m
[0mGET /sm/8cfffddf058dc09b67d92f8d849675e6b459dfb8ede5136cf5c98d10acf78cc3.map [33m404 [0m76.769 ms - 210[0m
TCL: exports.getFoodCategoryItem -> data [ { _id: 5e391ada1c9d440000b9dc6d,
    name: 'flour',
    displayName: 'Flour' },
  { _id: 5e391aef1c9d440000b9dc6e,
    name: 'fats',
    displayName: 'Fats' },
  { _id: 5e391b071c9d440000b9dc6f,
    name: 'vegetable',
    displayName: 'Vegetables' } ]
TCL: exports.getFoodCategoryItem -> data [ { foodCategory: [ 'bakery', 'italian', 'indian' ],
    _id: 5e3a7142c70d21191156fa06,
    category: 'flour',
    itemName: 'wheat',
    quantity: 70,
    role: 'manager',
    vendor: [ [Object], [Object] ] },
  { foodCategory: [],
    _id: 5e3a7153c70d21191156fa09,
    category: 'vegetable',
    itemName: 'Onions',
    quantity: 80,
    role: 'manager',
    vendor: [ [Object], [Object] ] },
  { foodCategory: [],
    _id: 5e3a7160c70d21191156fa0c,
    category: 'fats',
    itemName: 'butter',
    quantity: 60,
    role: 'manager',
    vendor: [ [Object], [Object] ] } ]
[0mPOST /foodCategories [32m200 [0m279.516 ms - 224[0m
[0mPOST /getInventoryItem [32m200 [0m114.111 ms - 924[0m
[0mGET /icon.png [32m200 [0m119.398 ms - 13156[0m
[0mGET /dashboard [32m200 [0m351.060 ms - -[0m
[0mGET /css/lib/flag-icon.css [32m200 [0m83.819 ms - -[0m
[0mGET /css/main.css [32m200 [0m73.944 ms - -[0m
[0mGET /css/lib/chosen.css [32m200 [0m89.146 ms - -[0m
[0mGET /images/newlogo.png [32m200 [0m83.827 ms - 37636[0m
[0mGET /css/lib/font-awesome/css/font-awesome.min.css [32m200 [0m76.118 ms - -[0m
[0mGET /dummy_men.png [32m200 [0m79.636 ms - 75200[0m
[0mGET /js/lib/jquery-3.1.1.min.js [32m200 [0m79.770 ms - -[0m
[0mGET /js/lib/ion.rangeSlider.min.js [32m200 [0m85.788 ms - -[0m
[0mGET /js/lib/inputTags.jquery.js [32m200 [0m69.591 ms - -[0m
[0mGET /js/lib/heat-map.js [32m200 [0m79.926 ms - -[0m
[0mGET /js/lib/wordcloud.js [32m200 [0m78.318 ms - -[0m
[0mGET /js/lib/highcharts.js [32m200 [0m81.733 ms - -[0m
[0mGET /images/icon.png [32m200 [0m69.668 ms - 13156[0m
[0mGET /js/lib/treemap.js [32m200 [0m68.344 ms - -[0m
[0mGET /js/lib/jquery.cookie.js [32m200 [0m67.542 ms - -[0m
[0mGET /js/lib/jquery.dataTables.min.js [32m200 [0m73.082 ms - -[0m
[0mGET /js/lib/bootstrap-multiselect.js [32m200 [0m88.960 ms - -[0m
[0mGET /js/lib/jquery.bootstrap.wizard.min.js [32m200 [0m79.948 ms - -[0m
[0mGET /js/lib/jquery.validate.min.js [32m200 [0m68.411 ms - -[0m
[0mGET /js/lib/highcharts.js.map [33m404 [0m73.223 ms - 163[0m
[0mGET /js/lib/wordcloud.js.map [33m404 [0m72.750 ms - 162[0m
[0mGET /js/lib/jquery-caret.min.js [32m200 [0m68.492 ms - -[0m
[0mGET /js/lib/bootstrap.min.js [32m200 [0m68.167 ms - -[0m
[0mGET /js/lib/jquery-tag-editor.min.js [32m200 [0m71.525 ms - -[0m
[0mGET /js/lib/modernizr.js [32m200 [0m71.127 ms - -[0m
[0mGET /js/lib/jquery.mixitup.min.js [32m200 [0m69.075 ms - -[0m
[0mGET /js/lib/content-filter.js [32m200 [0m79.343 ms - -[0m
[0mGET /js/lib/jqcloud-1.0.4.min.js [32m200 [0m78.164 ms - -[0m
[0mGET /js/lib/moment.min.js [32m200 [0m78.043 ms - -[0m
[0mGET /js/lib/chosen.jquery.js [32m200 [0m75.128 ms - -[0m
[0mGET /js/lib/chosen.jquery.min.js [32m200 [0m70.754 ms - -[0m
[0mGET /js/lib/daterangepicker.min.js [32m200 [0m68.628 ms - -[0m
[0mGET /js/lib/datetimepicker.min.js [32m200 [0m74.211 ms - -[0m
[0mGET /sm/8cfffddf058dc09b67d92f8d849675e6b459dfb8ede5136cf5c98d10acf78cc3.map [33m404 [0m71.582 ms - 210[0m
[0mGET /js/lib/knockout-debug.js [32m200 [0m71.763 ms - -[0m
[0mGET /js/main.js [32m200 [0m96.834 ms - -[0m
[0mGET /js/comman.js [32m200 [0m95.478 ms - 916[0m
[0mGET /js/dashboard.js [32m200 [0m93.484 ms - -[0m
TCL: exports.getFoodCategoryItem -> data [ { _id: 5e391ada1c9d440000b9dc6d,
    name: 'flour',
    displayName: 'Flour' },
  { _id: 5e391aef1c9d440000b9dc6e,
    name: 'fats',
    displayName: 'Fats' },
  { _id: 5e391b071c9d440000b9dc6f,
    name: 'vegetable',
    displayName: 'Vegetables' } ]
TCL: exports.getFoodCategoryItem -> data [ { foodCategory: [ 'bakery', 'italian', 'indian' ],
    _id: 5e3a7142c70d21191156fa06,
    category: 'flour',
    itemName: 'wheat',
    quantity: 70,
    role: 'manager',
    vendor: [ [Object], [Object] ] },
  { foodCategory: [],
    _id: 5e3a7153c70d21191156fa09,
    category: 'vegetable',
    itemName: 'Onions',
    quantity: 80,
    role: 'manager',
    vendor: [ [Object], [Object] ] },
  { foodCategory: [],
    _id: 5e3a7160c70d21191156fa0c,
    category: 'fats',
    itemName: 'butter',
    quantity: 60,
    role: 'manager',
    vendor: [ [Object], [Object] ] } ]
[0mGET /icon.png [32m200 [0m70.089 ms - 13156[0m
[0mPOST /foodCategories [32m200 [0m117.203 ms - 224[0m
[0mPOST /getInventoryItem [32m200 [0m122.478 ms - 924[0m
[0mGET /logout [36m302 [0m107.535 ms - 56[0m
[0mGET /login [32m200 [0m224.424 ms - -[0m
[0mGET /js/lib/highcharts.js.map [33m404 [0m37.058 ms - 163[0m
[0mGET /js/lib/wordcloud.js.map [33m404 [0m75.551 ms - 162[0m
[0mGET /sm/8cfffddf058dc09b67d92f8d849675e6b459dfb8ede5136cf5c98d10acf78cc3.map [33m404 [0m35.456 ms - 210[0m
[0mPOST /login [36m302 [0m310.363 ms - 54[0m
[0mGET /home [32m200 [0m204.312 ms - -[0m
[0mGET /js/lib/wordcloud.js.map [33m404 [0m71.084 ms - 162[0m
[0mGET /js/lib/highcharts.js.map [33m404 [0m73.534 ms - 163[0m
[0mGET /sm/8cfffddf058dc09b67d92f8d849675e6b459dfb8ede5136cf5c98d10acf78cc3.map [33m404 [0m70.398 ms - 210[0m
TCL: exports.getFoodCategoryItem -> data [ { _id: 5e391ada1c9d440000b9dc6d,
    name: 'flour',
    displayName: 'Flour' },
  { _id: 5e391aef1c9d440000b9dc6e,
    name: 'fats',
    displayName: 'Fats' },
  { _id: 5e391b071c9d440000b9dc6f,
    name: 'vegetable',
    displayName: 'Vegetables' } ]
[0mPOST /foodCategories [32m200 [0m106.582 ms - 224[0m
[0mGET /logout [36m302 [0m74.396 ms - 56[0m
[0mGET /login [32m200 [0m159.073 ms - -[0m
[0mGET /js/lib/highcharts.js.map [33m404 [0m34.944 ms - 163[0m
[0mGET /sm/8cfffddf058dc09b67d92f8d849675e6b459dfb8ede5136cf5c98d10acf78cc3.map [33m404 [0m32.578 ms - 210[0m
[0mGET /js/lib/wordcloud.js.map [33m404 [0m41.957 ms - 162[0m
[0mPOST /login [36m302 [0m157.595 ms - 54[0m
[0mGET /home [32m200 [0m183.483 ms - -[0m
[0mGET /js/lib/highcharts.js.map [33m404 [0m70.398 ms - 163[0m
[0mGET /js/lib/wordcloud.js.map [33m404 [0m73.714 ms - 162[0m
[0mGET /sm/8cfffddf058dc09b67d92f8d849675e6b459dfb8ede5136cf5c98d10acf78cc3.map [33m404 [0m75.204 ms - 210[0m
TCL: exports.getFoodCategoryItem -> data [ { _id: 5e391ada1c9d440000b9dc6d,
    name: 'flour',
    displayName: 'Flour' },
  { _id: 5e391aef1c9d440000b9dc6e,
    name: 'fats',
    displayName: 'Fats' },
  { _id: 5e391b071c9d440000b9dc6f,
    name: 'vegetable',
    displayName: 'Vegetables' } ]
[0mPOST /foodCategories [32m200 [0m109.582 ms - 224[0m
 
 
 
------------------------------------------
App is running with following parameters:
Environment:  development
Port:         8080
MongoDB:      mongodb+srv://ankit:Ankit@cluster0-sex6d.mongodb.net/test?retryWrites=true&w=majority
URL:          http://localhost:8080/
------------------------------------------
 
 
 
{ Error: tunneling socket could not be established, cause=write EPROTO 139629821798272:error:140770FC:SSL routines:SSL23_GET_SERVER_HELLO:unknown protocol:../deps/openssl/openssl/ssl/s23_clnt.c:827:

    at ClientRequest.onError (/home/ankit/Desktop/inventory_management/node_modules/tunnel-agent/index.js:177:17)
    at Object.onceWrapper (events.js:315:30)
    at emitOne (events.js:116:13)
    at ClientRequest.emit (events.js:211:7)
    at TLSSocket.socketErrorListener (_http_client.js:387:9)
    at emitOne (events.js:116:13)
    at TLSSocket.emit (events.js:211:7)
    at onwriteError (_stream_writable.js:418:12)
    at onwrite (_stream_writable.js:440:5)
    at _destroy (internal/streams/destroy.js:39:7)
    at TLSSocket.Socket._destroy (net.js:564:3)
    at TLSSocket.destroy (internal/streams/destroy.js:32:8)
    at WriteWrap.afterWrite [as oncomplete] (net.js:866:10) code: 'ECONNRESET' }
 
 
 
------------------------------------------
App is running with following parameters:
Environment:  development
Port:         8080
MongoDB:      mongodb+srv://ankit:Ankit@cluster0-sex6d.mongodb.net/test?retryWrites=true&w=majority
URL:          http://localhost:8080/
------------------------------------------
 
 
 
{ Error: tunneling socket could not be established, cause=write EPROTO 139795605370752:error:140770FC:SSL routines:SSL23_GET_SERVER_HELLO:unknown protocol:../deps/openssl/openssl/ssl/s23_clnt.c:827:

    at ClientRequest.onError (/home/ankit/Desktop/inventory_management/node_modules/tunnel-agent/index.js:177:17)
    at Object.onceWrapper (events.js:315:30)
    at emitOne (events.js:116:13)
    at ClientRequest.emit (events.js:211:7)
    at TLSSocket.socketErrorListener (_http_client.js:387:9)
    at emitOne (events.js:116:13)
    at TLSSocket.emit (events.js:211:7)
    at onwriteError (_stream_writable.js:418:12)
    at onwrite (_stream_writable.js:440:5)
    at _destroy (internal/streams/destroy.js:39:7)
    at TLSSocket.Socket._destroy (net.js:564:3)
    at TLSSocket.destroy (internal/streams/destroy.js:32:8)
    at WriteWrap.afterWrite [as oncomplete] (net.js:866:10) code: 'ECONNRESET' }
[0mGET /logout [36m302 [0m101.007 ms - 56[0m
[0mGET /login [32m200 [0m1712.981 ms - -[0m
[0mGET /images/newlogo.png [32m200 [0m36.597 ms - 37636[0m
[0mGET /css/lib/font-awesome/css/font-awesome.min.css [32m200 [0m427.928 ms - -[0m
[0mGET /css/lib/chosen.css [32m200 [0m37.084 ms - -[0m
[0mGET /css/lib/flag-icon.css [32m200 [0m435.366 ms - -[0m
[0mGET /js/lib/ion.rangeSlider.min.js [32m200 [0m723.077 ms - -[0m
[0mGET /js/lib/jquery-3.1.1.min.js [32m200 [0m432.922 ms - -[0m
[0mGET /js/lib/highcharts.js [32m200 [0m549.389 ms - -[0m
[0mGET /js/lib/inputTags.jquery.js [32m200 [0m446.165 ms - -[0m
[0mGET /js/lib/wordcloud.js [32m200 [0m449.201 ms - -[0m
[0mGET /js/lib/heat-map.js [32m200 [0m34.039 ms - -[0m
[0mGET /js/lib/treemap.js [32m200 [0m40.245 ms - -[0m
[0mGET /js/lib/bootstrap-multiselect.js [32m200 [0m37.852 ms - -[0m
[0mGET /js/lib/jquery.cookie.js [32m200 [0m39.058 ms - -[0m
[0mGET /webfonts/fa-regular-400.woff2 [32m200 [0m41.842 ms - 13584[0m
[0mGET /js/lib/bootstrap.min.js [32m200 [0m45.360 ms - -[0m
[0mGET /js/lib/jquery-caret.min.js [32m200 [0m36.902 ms - -[0m
[0mGET /js/lib/jquery-tag-editor.min.js [32m200 [0m38.371 ms - -[0m
[0mGET /backgroundSPIQ.png [32m200 [0m50.281 ms - 17291[0m
[0mGET /js/lib/modernizr.js [32m200 [0m39.365 ms - -[0m
[0mGET /js/lib/jquery.mixitup.min.js [32m200 [0m32.389 ms - -[0m
[0mGET /js/lib/moment.min.js [32m200 [0m31.959 ms - -[0m
[0mGET /js/lib/jqcloud-1.0.4.min.js [32m200 [0m37.426 ms - -[0m
[0mGET /js/lib/chosen.jquery.js [32m200 [0m39.429 ms - -[0m
[0mGET /js/lib/chosen.jquery.min.js [32m200 [0m32.140 ms - -[0m
[0mGET /js/lib/daterangepicker.min.js [32m200 [0m39.349 ms - -[0m
[0mGET /js/lib/highcharts.js.map [33m404 [0m36.412 ms - 163[0m
[0mGET /js/lib/wordcloud.js.map [33m404 [0m34.806 ms - 162[0m
[0mGET /js/lib/datetimepicker.min.js [32m200 [0m34.670 ms - -[0m
[0mGET /js/lib/knockout-debug.js [32m200 [0m33.628 ms - -[0m
[0mGET /js/lib/highcharts-more.js [32m200 [0m57.048 ms - -[0m
[0mGET /css/lib/daterangepicker.css [32m200 [0m63.335 ms - -[0m
[0mGET /sm/8cfffddf058dc09b67d92f8d849675e6b459dfb8ede5136cf5c98d10acf78cc3.map [33m404 [0m36.590 ms - 210[0m
[0mPOST /login [36m302 [0m178.820 ms - 54[0m
[0mGET /home [32m200 [0m265.529 ms - -[0m
[0mGET /css/main.css [32m200 [0m66.324 ms - -[0m
[0mGET /js/lib/highcharts.js.map [33m404 [0m71.050 ms - 163[0m
[0mGET /sm/8cfffddf058dc09b67d92f8d849675e6b459dfb8ede5136cf5c98d10acf78cc3.map [33m404 [0m438.503 ms - 210[0m
[0mGET /js/lib/wordcloud.js.map [33m404 [0m450.320 ms - 162[0m
TCL: exports.getFoodCategoryItem -> data [ { _id: 5e391ada1c9d440000b9dc6d,
    name: 'flour',
    displayName: 'Flour' },
  { _id: 5e391aef1c9d440000b9dc6e,
    name: 'fats',
    displayName: 'Fats' },
  { _id: 5e391b071c9d440000b9dc6f,
    name: 'vegetable',
    displayName: 'Vegetables' } ]
[0mPOST /foodCategories [32m200 [0m812.362 ms - 224[0m
[0mGET /home [32m200 [0m269.575 ms - -[0m
[0mGET /home [32m200 [0m206.994 ms - -[0m
[0mGET /home [32m200 [0m180.249 ms - -[0m
[0mGET /home [32m200 [0m175.855 ms - -[0m
[0mGET /home [32m200 [0m196.467 ms - -[0m
[0mGET /home [0m- [0m- ms - -[0m
[0mGET /home [32m200 [0m204.574 ms - -[0m
[0mGET /css/lib/flag-icon.css [32m200 [0m71.673 ms - -[0m
[0mGET /css/lib/chosen.css [32m200 [0m71.024 ms - -[0m
[0mGET /css/main.css [32m200 [0m77.095 ms - -[0m
[0mGET /home [0m- [0m- ms - -[0m
[0mGET /images/newlogo.png [32m200 [0m691.750 ms - 37636[0m
[0mGET /css/lib/font-awesome/css/font-awesome.min.css [32m200 [0m693.686 ms - -[0m
[0mGET /dummy_men.png [32m200 [0m841.566 ms - 75200[0m
[0mGET /js/lib/ion.rangeSlider.min.js [32m200 [0m1323.980 ms - -[0m
[0mGET /js/lib/wordcloud.js [32m200 [0m608.097 ms - -[0m
[0mGET /js/lib/inputTags.jquery.js [32m200 [0m576.495 ms - -[0m
[0mGET /js/lib/highcharts.js [32m200 [0m1301.604 ms - -[0m
[0mGET /js/lib/jquery-3.1.1.min.js [32m200 [0m1338.575 ms - -[0m
[0mGET /home [32m200 [0m759.317 ms - -[0m
[0mGET /css/lib/flag-icon.css [32m200 [0m67.987 ms - -[0m
[0mGET /css/main.css [32m200 [0m69.838 ms - -[0m
[0mGET /css/lib/chosen.css [32m200 [0m92.116 ms - -[0m
[0mGET /images/newlogo.png [32m200 [0m79.708 ms - 37636[0m
[0mGET /dummy_men.png [32m200 [0m80.636 ms - 75200[0m
[0mGET /css/lib/font-awesome/css/font-awesome.min.css [32m200 [0m77.073 ms - -[0m
[0mGET /js/lib/ion.rangeSlider.min.js [32m200 [0m68.413 ms - -[0m
[0mGET /js/lib/jquery-3.1.1.min.js [32m200 [0m87.222 ms - -[0m
[0mGET /js/lib/highcharts.js [32m200 [0m74.142 ms - -[0m
[0mGET /js/lib/wordcloud.js [32m200 [0m86.135 ms - -[0m
[0mGET /js/lib/inputTags.jquery.js [32m200 [0m82.258 ms - -[0m
[0mGET /js/lib/heat-map.js [32m200 [0m90.343 ms - -[0m
[0mGET /js/lib/treemap.js [32m200 [0m79.892 ms - -[0m
[0mGET /images/icon.png [32m200 [0m74.716 ms - 13156[0m
[0mGET /js/lib/bootstrap-multiselect.js [32m200 [0m80.885 ms - -[0m
[0mGET /js/lib/jquery.cookie.js [32m200 [0m76.065 ms - -[0m
[0mGET /js/lib/jquery.dataTables.min.js [32m200 [0m74.049 ms - -[0m
[0mGET /js/lib/jquery.bootstrap.wizard.min.js [32m200 [0m78.730 ms - -[0m
[0mGET /js/lib/jquery.validate.min.js [32m200 [0m69.609 ms - -[0m
[0mGET /js/lib/highcharts.js.map [33m404 [0m70.097 ms - 163[0m
[0mGET /js/lib/bootstrap.min.js [32m200 [0m71.941 ms - -[0m
[0mGET /js/lib/jquery-caret.min.js [32m200 [0m77.738 ms - -[0m
[0mGET /js/lib/jquery-tag-editor.min.js [32m200 [0m69.517 ms - -[0m
[0mGET /js/lib/jquery.mixitup.min.js [32m200 [0m76.097 ms - -[0m
[0mGET /js/lib/modernizr.js [32m200 [0m82.818 ms - -[0m
[0mGET /js/lib/wordcloud.js.map [33m404 [0m77.003 ms - 162[0m
[0mGET /js/lib/content-filter.js [32m200 [0m66.147 ms - -[0m
[0mGET /js/lib/jqcloud-1.0.4.min.js [32m200 [0m68.304 ms - -[0m
[0mGET /js/lib/moment.min.js [32m200 [0m68.066 ms - -[0m
[0mGET /js/lib/chosen.jquery.js [32m200 [0m69.179 ms - -[0m
[0mGET /js/lib/daterangepicker.min.js [32m200 [0m67.558 ms - -[0m
[0mGET /js/lib/chosen.jquery.min.js [32m200 [0m72.569 ms - -[0m
[0mGET /js/lib/datetimepicker.min.js [32m200 [0m71.538 ms - -[0m
[0mGET /js/main.js [32m200 [0m67.961 ms - -[0m
[0mGET /js/lib/knockout-debug.js [32m200 [0m70.283 ms - -[0m
[0mGET /sm/8cfffddf058dc09b67d92f8d849675e6b459dfb8ede5136cf5c98d10acf78cc3.map [33m404 [0m69.674 ms - 210[0m
[0mGET /js/comman.js [32m200 [0m68.464 ms - 916[0m
TCL: exports.getFoodCategoryItem -> data [ { _id: 5e391ada1c9d440000b9dc6d,
    name: 'flour',
    displayName: 'Flour' },
  { _id: 5e391aef1c9d440000b9dc6e,
    name: 'fats',
    displayName: 'Fats' },
  { _id: 5e391b071c9d440000b9dc6f,
    name: 'vegetable',
    displayName: 'Vegetables' } ]
[0mGET /icon.png [32m200 [0m73.333 ms - 13156[0m
[0mPOST /foodCategories [32m200 [0m119.409 ms - 224[0m
[0mGET /logout [36m302 [0m72.657 ms - 56[0m
[0mGET /login [32m200 [0m129.156 ms - -[0m
[0mGET /js/lib/highcharts.js.map [33m404 [0m35.036 ms - 163[0m
[0mGET /js/lib/wordcloud.js.map [33m404 [0m41.446 ms - 162[0m
[0mGET /sm/8cfffddf058dc09b67d92f8d849675e6b459dfb8ede5136cf5c98d10acf78cc3.map [33m404 [0m35.092 ms - 210[0m
[0mGET /login [32m200 [0m128.728 ms - -[0m
[0mGET /css/lib/chosen.css [32m200 [0m34.723 ms - -[0m
[0mGET /images/newlogo.png [32m200 [0m39.249 ms - 37636[0m
[0mGET /css/lib/flag-icon.css [32m200 [0m48.301 ms - -[0m
[0mGET /css/lib/font-awesome/css/font-awesome.min.css [32m200 [0m51.493 ms - -[0m
[0mGET /css/main.css [32m200 [0m41.328 ms - -[0m
[0mGET /js/lib/jquery-3.1.1.min.js [32m200 [0m47.130 ms - -[0m
[0mGET /js/lib/ion.rangeSlider.min.js [32m200 [0m38.995 ms - -[0m
[0mGET /js/lib/highcharts.js [32m200 [0m39.094 ms - -[0m
[0mGET /js/lib/inputTags.jquery.js [32m200 [0m37.283 ms - -[0m
[0mGET /js/lib/wordcloud.js [32m200 [0m39.263 ms - -[0m
[0mGET /js/lib/treemap.js [32m200 [0m37.738 ms - -[0m
[0mGET /js/lib/heat-map.js [32m200 [0m38.395 ms - -[0m
[0mGET /js/lib/bootstrap-multiselect.js [32m200 [0m34.188 ms - -[0m
[0mGET /webfonts/fa-regular-400.woff2 [32m200 [0m34.746 ms - 13584[0m
[0mGET /backgroundSPIQ.png [32m200 [0m43.258 ms - 17291[0m
[0mGET /login [32m200 [0m112.376 ms - -[0m
[0mGET /js/lib/jquery-tag-editor.min.js [32m200 [0m35.906 ms - -[0m
[0mGET /js/lib/jquery.cookie.js [32m200 [0m43.065 ms - -[0m
[0mGET /js/lib/jquery-caret.min.js [32m200 [0m35.147 ms - -[0m
[0mGET /js/lib/bootstrap.min.js [32m200 [0m38.591 ms - -[0m
[0mGET /js/lib/modernizr.js [32m200 [0m114.415 ms - -[0m
[0mGET /login [32m200 [0m118.100 ms - -[0m
[0mGET /js/lib/highcharts.js.map [33m404 [0m125.636 ms - 163[0m
[0mGET /js/lib/jqcloud-1.0.4.min.js [32m200 [0m119.033 ms - -[0m
[0mGET /js/lib/wordcloud.js.map [33m404 [0m125.233 ms - 162[0m
[0mGET /js/lib/jquery.mixitup.min.js [32m200 [0m124.937 ms - -[0m
[0mGET /js/lib/moment.min.js [32m200 [0m34.093 ms - -[0m
[0mGET /js/lib/chosen.jquery.js [32m200 [0m39.144 ms - -[0m
[0mGET /js/lib/chosen.jquery.min.js [32m200 [0m101.399 ms - -[0m
[0mGET /js/lib/knockout-debug.js [32m200 [0m73.055 ms - -[0m
[0mGET /js/lib/datetimepicker.min.js [32m200 [0m99.236 ms - -[0m
[0mGET /js/lib/daterangepicker.min.js [32m200 [0m99.984 ms - -[0m
[0mGET /js/lib/highcharts-more.js [0m- [0m- ms - -[0m
[0mGET /css/lib/daterangepicker.css [0m- [0m- ms - -[0m
[0mGET /login [32m200 [0m99.480 ms - -[0m
[0mGET /css/lib/flag-icon.css [32m200 [0m32.458 ms - -[0m
[0mGET /css/lib/chosen.css [32m200 [0m37.590 ms - -[0m
[0mGET /js/lib/jquery-3.1.1.min.js [32m200 [0m40.924 ms - -[0m
[0mGET /images/newlogo.png [32m200 [0m61.197 ms - 37636[0m
[0mGET /css/lib/font-awesome/css/font-awesome.min.css [32m200 [0m63.252 ms - -[0m
[0mGET /css/main.css [32m200 [0m58.035 ms - -[0m
[0mGET /js/lib/ion.rangeSlider.min.js [32m200 [0m33.870 ms - -[0m
[0mGET /js/lib/wordcloud.js [32m200 [0m32.458 ms - -[0m
[0mGET /js/lib/highcharts.js [32m200 [0m38.759 ms - -[0m
[0mGET /js/lib/inputTags.jquery.js [32m200 [0m35.268 ms - -[0m
[0mGET /js/lib/heat-map.js [32m200 [0m34.205 ms - -[0m
[0mGET /js/lib/treemap.js [32m200 [0m34.429 ms - -[0m
[0mGET /js/lib/bootstrap-multiselect.js [32m200 [0m36.473 ms - -[0m
[0mGET /js/lib/jquery.cookie.js [32m200 [0m38.300 ms - -[0m
[0mGET /js/lib/bootstrap.min.js [32m200 [0m36.337 ms - -[0m
[0mGET /js/lib/jquery-caret.min.js [32m200 [0m34.371 ms - -[0m
[0mGET /webfonts/fa-regular-400.woff2 [32m200 [0m35.840 ms - 13584[0m
[0mGET /backgroundSPIQ.png [32m200 [0m34.636 ms - 17291[0m
[0mGET /js/lib/highcharts.js.map [33m404 [0m33.017 ms - 163[0m
[0mGET /js/lib/jquery-tag-editor.min.js [32m200 [0m35.755 ms - -[0m
[0mGET /js/lib/modernizr.js [32m200 [0m34.883 ms - -[0m
[0mGET /js/lib/jqcloud-1.0.4.min.js [32m200 [0m32.210 ms - -[0m
[0mGET /js/lib/jquery.mixitup.min.js [32m200 [0m36.619 ms - -[0m
[0mGET /js/lib/wordcloud.js.map [33m404 [0m37.771 ms - 162[0m
[0mGET /js/lib/moment.min.js [32m200 [0m36.475 ms - -[0m
[0mGET /js/lib/chosen.jquery.js [32m200 [0m36.725 ms - -[0m
[0mGET /js/lib/chosen.jquery.min.js [32m200 [0m33.379 ms - -[0m
[0mGET /js/lib/datetimepicker.min.js [32m200 [0m34.197 ms - -[0m
[0mGET /js/lib/daterangepicker.min.js [32m200 [0m38.582 ms - -[0m
[0mGET /js/lib/knockout-debug.js [32m200 [0m33.349 ms - -[0m
[0mGET /js/lib/highcharts-more.js [32m200 [0m35.678 ms - -[0m
[0mGET /css/lib/daterangepicker.css [32m200 [0m34.205 ms - -[0m
[0mGET /sm/8cfffddf058dc09b67d92f8d849675e6b459dfb8ede5136cf5c98d10acf78cc3.map [33m404 [0m31.996 ms - 210[0m
[0mGET /icon.png [32m200 [0m37.371 ms - 13156[0m
