/home/ankit/Desktop/Inventory_Management/controllers/user.js:60
        console.log("TCL: exports.postLogin -> user.role",typeOf user.role)
                                                          ^^^^^^

SyntaxError: missing ) after argument list
    at createScript (vm.js:80:10)
    at Object.runInThisContext (vm.js:139:10)
    at Module._compile (module.js:616:28)
    at Object.Module._extensions..js (module.js:663:10)
    at Module.load (module.js:565:32)
    at tryModuleLoad (module.js:505:12)
    at Function.Module._load (module.js:497:3)
    at Module.require (module.js:596:17)
    at require (internal/module.js:11:18)
    at Object.<anonymous> (/home/ankit/Desktop/Inventory_Management/app.js:35:24)
    at Module._compile (module.js:652:30)
    at Object.Module._extensions..js (module.js:663:10)
    at Module.load (module.js:565:32)
    at tryModuleLoad (module.js:505:12)
    at Function.Module._load (module.js:497:3)
    at Object.<anonymous> (/usr/local/lib/node_modules/pm2/lib/ProcessContainerFork.js:48:21)
/home/ankit/Desktop/Inventory_Management/controllers/user.js:60
        console.log("TCL: exports.postLogin -> user.role",typeOf user.role)
                                                          ^^^^^^

SyntaxError: missing ) after argument list
    at createScript (vm.js:80:10)
    at Object.runInThisContext (vm.js:139:10)
    at Module._compile (module.js:616:28)
    at Object.Module._extensions..js (module.js:663:10)
    at Module.load (module.js:565:32)
    at tryModuleLoad (module.js:505:12)
    at Function.Module._load (module.js:497:3)
    at Module.require (module.js:596:17)
    at require (internal/module.js:11:18)
    at Object.<anonymous> (/home/ankit/Desktop/Inventory_Management/app.js:35:24)
    at Module._compile (module.js:652:30)
    at Object.Module._extensions..js (module.js:663:10)
    at Module.load (module.js:565:32)
    at tryModuleLoad (module.js:505:12)
    at Function.Module._load (module.js:497:3)
    at Object.<anonymous> (/usr/local/lib/node_modules/pm2/lib/ProcessContainerFork.js:48:21)
/home/ankit/Desktop/Inventory_Management/controllers/user.js:60
        console.log("TCL: exports.postLogin -> user.role",typeOf user.role)
                                                          ^^^^^^

SyntaxError: missing ) after argument list
    at createScript (vm.js:80:10)
    at Object.runInThisContext (vm.js:139:10)
    at Module._compile (module.js:616:28)
    at Object.Module._extensions..js (module.js:663:10)
    at Module.load (module.js:565:32)
    at tryModuleLoad (module.js:505:12)
    at Function.Module._load (module.js:497:3)
    at Module.require (module.js:596:17)
    at require (internal/module.js:11:18)
    at Object.<anonymous> (/home/ankit/Desktop/Inventory_Management/app.js:35:24)
    at Module._compile (module.js:652:30)
    at Object.Module._extensions..js (module.js:663:10)
    at Module.load (module.js:565:32)
    at tryModuleLoad (module.js:505:12)
    at Function.Module._load (module.js:497:3)
    at Object.<anonymous> (/usr/local/lib/node_modules/pm2/lib/ProcessContainerFork.js:48:21)
/home/ankit/Desktop/Inventory_Management/controllers/user.js:23
    return res.redirect('/home');
    ^^^^^^

SyntaxError: Unexpected token return
    at createScript (vm.js:80:10)
    at Object.runInThisContext (vm.js:139:10)
    at Module._compile (module.js:616:28)
    at Object.Module._extensions..js (module.js:663:10)
    at Module.load (module.js:565:32)
    at tryModuleLoad (module.js:505:12)
    at Function.Module._load (module.js:497:3)
    at Module.require (module.js:596:17)
    at require (internal/module.js:11:18)
    at Object.<anonymous> (/home/ankit/Desktop/Inventory_Management/app.js:35:24)
    at Module._compile (module.js:652:30)
    at Object.Module._extensions..js (module.js:663:10)
    at Module.load (module.js:565:32)
    at tryModuleLoad (module.js:505:12)
    at Function.Module._load (module.js:497:3)
    at Object.<anonymous> (/usr/local/lib/node_modules/pm2/lib/ProcessContainerFork.js:48:21)
/home/ankit/Desktop/Inventory_Management/controllers/user.js:23
    return res.redirect('/home');
    ^^^^^^

SyntaxError: Unexpected token return
    at createScript (vm.js:80:10)
    at Object.runInThisContext (vm.js:139:10)
    at Module._compile (module.js:616:28)
    at Object.Module._extensions..js (module.js:663:10)
    at Module.load (module.js:565:32)
    at tryModuleLoad (module.js:505:12)
    at Function.Module._load (module.js:497:3)
    at Module.require (module.js:596:17)
    at require (internal/module.js:11:18)
    at Object.<anonymous> (/home/ankit/Desktop/Inventory_Management/app.js:35:24)
    at Module._compile (module.js:652:30)
    at Object.Module._extensions..js (module.js:663:10)
    at Module.load (module.js:565:32)
    at tryModuleLoad (module.js:505:12)
    at Function.Module._load (module.js:497:3)
    at Object.<anonymous> (/usr/local/lib/node_modules/pm2/lib/ProcessContainerFork.js:48:21)
/home/ankit/Desktop/Inventory_Management/controllers/user.js:22
    if()
       ^

SyntaxError: Unexpected token )
    at createScript (vm.js:80:10)
    at Object.runInThisContext (vm.js:139:10)
    at Module._compile (module.js:616:28)
    at Object.Module._extensions..js (module.js:663:10)
    at Module.load (module.js:565:32)
    at tryModuleLoad (module.js:505:12)
    at Function.Module._load (module.js:497:3)
    at Module.require (module.js:596:17)
    at require (internal/module.js:11:18)
    at Object.<anonymous> (/home/ankit/Desktop/Inventory_Management/app.js:35:24)
    at Module._compile (module.js:652:30)
    at Object.Module._extensions..js (module.js:663:10)
    at Module.load (module.js:565:32)
    at tryModuleLoad (module.js:505:12)
    at Function.Module._load (module.js:497:3)
    at Object.<anonymous> (/usr/local/lib/node_modules/pm2/lib/ProcessContainerFork.js:48:21)
/home/ankit/Desktop/Inventory_Management/controllers/user.js:22
    if()
       ^

SyntaxError: Unexpected token )
    at createScript (vm.js:80:10)
    at Object.runInThisContext (vm.js:139:10)
    at Module._compile (module.js:616:28)
    at Object.Module._extensions..js (module.js:663:10)
    at Module.load (module.js:565:32)
    at tryModuleLoad (module.js:505:12)
    at Function.Module._load (module.js:497:3)
    at Module.require (module.js:596:17)
    at require (internal/module.js:11:18)
    at Object.<anonymous> (/home/ankit/Desktop/Inventory_Management/app.js:35:24)
    at Module._compile (module.js:652:30)
    at Object.Module._extensions..js (module.js:663:10)
    at Module.load (module.js:565:32)
    at tryModuleLoad (module.js:505:12)
    at Function.Module._load (module.js:497:3)
    at Object.<anonymous> (/usr/local/lib/node_modules/pm2/lib/ProcessContainerFork.js:48:21)
/home/ankit/Desktop/Inventory_Management/controllers/user.js:22
    if()
       ^

SyntaxError: Unexpected token )
    at createScript (vm.js:80:10)
    at Object.runInThisContext (vm.js:139:10)
    at Module._compile (module.js:616:28)
    at Object.Module._extensions..js (module.js:663:10)
    at Module.load (module.js:565:32)
    at tryModuleLoad (module.js:505:12)
    at Function.Module._load (module.js:497:3)
    at Module.require (module.js:596:17)
    at require (internal/module.js:11:18)
    at Object.<anonymous> (/home/ankit/Desktop/Inventory_Management/app.js:35:24)
    at Module._compile (module.js:652:30)
    at Object.Module._extensions..js (module.js:663:10)
    at Module.load (module.js:565:32)
    at tryModuleLoad (module.js:505:12)
    at Function.Module._load (module.js:497:3)
    at Object.<anonymous> (/usr/local/lib/node_modules/pm2/lib/ProcessContainerFork.js:48:21)
/home/ankit/Desktop/Inventory_Management/controllers/user.js:22
    if()
       ^

SyntaxError: Unexpected token )
    at createScript (vm.js:80:10)
    at Object.runInThisContext (vm.js:139:10)
    at Module._compile (module.js:616:28)
    at Object.Module._extensions..js (module.js:663:10)
    at Module.load (module.js:565:32)
    at tryModuleLoad (module.js:505:12)
    at Function.Module._load (module.js:497:3)
    at Module.require (module.js:596:17)
    at require (internal/module.js:11:18)
    at Object.<anonymous> (/home/ankit/Desktop/Inventory_Management/app.js:35:24)
    at Module._compile (module.js:652:30)
    at Object.Module._extensions..js (module.js:663:10)
    at Module.load (module.js:565:32)
    at tryModuleLoad (module.js:505:12)
    at Function.Module._load (module.js:497:3)
    at Object.<anonymous> (/usr/local/lib/node_modules/pm2/lib/ProcessContainerFork.js:48:21)
/home/ankit/Desktop/Inventory_Management/controllers/user.js:22
    if()
       ^

SyntaxError: Unexpected token )
    at createScript (vm.js:80:10)
    at Object.runInThisContext (vm.js:139:10)
    at Module._compile (module.js:616:28)
    at Object.Module._extensions..js (module.js:663:10)
    at Module.load (module.js:565:32)
    at tryModuleLoad (module.js:505:12)
    at Function.Module._load (module.js:497:3)
    at Module.require (module.js:596:17)
    at require (internal/module.js:11:18)
    at Object.<anonymous> (/home/ankit/Desktop/Inventory_Management/app.js:35:24)
    at Module._compile (module.js:652:30)
    at Object.Module._extensions..js (module.js:663:10)
    at Module.load (module.js:565:32)
    at tryModuleLoad (module.js:505:12)
    at Function.Module._load (module.js:497:3)
    at Object.<anonymous> (/usr/local/lib/node_modules/pm2/lib/ProcessContainerFork.js:48:21)
/home/ankit/Desktop/Inventory_Management/controllers/user.js:22
    if()
       ^

SyntaxError: Unexpected token )
    at createScript (vm.js:80:10)
    at Object.runInThisContext (vm.js:139:10)
    at Module._compile (module.js:616:28)
    at Object.Module._extensions..js (module.js:663:10)
    at Module.load (module.js:565:32)
    at tryModuleLoad (module.js:505:12)
    at Function.Module._load (module.js:497:3)
    at Module.require (module.js:596:17)
    at require (internal/module.js:11:18)
    at Object.<anonymous> (/home/ankit/Desktop/Inventory_Management/app.js:35:24)
    at Module._compile (module.js:652:30)
    at Object.Module._extensions..js (module.js:663:10)
    at Module.load (module.js:565:32)
    at tryModuleLoad (module.js:505:12)
    at Function.Module._load (module.js:497:3)
    at Object.<anonymous> (/usr/local/lib/node_modules/pm2/lib/ProcessContainerFork.js:48:21)
/home/ankit/Desktop/Inventory_Management/controllers/user.js:22
    if()
       ^

SyntaxError: Unexpected token )
    at createScript (vm.js:80:10)
    at Object.runInThisContext (vm.js:139:10)
    at Module._compile (module.js:616:28)
    at Object.Module._extensions..js (module.js:663:10)
    at Module.load (module.js:565:32)
    at tryModuleLoad (module.js:505:12)
    at Function.Module._load (module.js:497:3)
    at Module.require (module.js:596:17)
    at require (internal/module.js:11:18)
    at Object.<anonymous> (/home/ankit/Desktop/Inventory_Management/app.js:35:24)
    at Module._compile (module.js:652:30)
    at Object.Module._extensions..js (module.js:663:10)
    at Module.load (module.js:565:32)
    at tryModuleLoad (module.js:505:12)
    at Function.Module._load (module.js:497:3)
    at Object.<anonymous> (/usr/local/lib/node_modules/pm2/lib/ProcessContainerFork.js:48:21)
/home/ankit/Desktop/Inventory_Management/controllers/user.js:22
    if()
       ^

SyntaxError: Unexpected token )
    at createScript (vm.js:80:10)
    at Object.runInThisContext (vm.js:139:10)
    at Module._compile (module.js:616:28)
    at Object.Module._extensions..js (module.js:663:10)
    at Module.load (module.js:565:32)
    at tryModuleLoad (module.js:505:12)
    at Function.Module._load (module.js:497:3)
    at Module.require (module.js:596:17)
    at require (internal/module.js:11:18)
    at Object.<anonymous> (/home/ankit/Desktop/Inventory_Management/app.js:35:24)
    at Module._compile (module.js:652:30)
    at Object.Module._extensions..js (module.js:663:10)
    at Module.load (module.js:565:32)
    at tryModuleLoad (module.js:505:12)
    at Function.Module._load (module.js:497:3)
    at Object.<anonymous> (/usr/local/lib/node_modules/pm2/lib/ProcessContainerFork.js:48:21)
/home/ankit/Desktop/Inventory_Management/controllers/user.js:60
      console.log("TCL: exports.postLogin -> user", user
                                                    ^^^^

SyntaxError: missing ) after argument list
    at createScript (vm.js:80:10)
    at Object.runInThisContext (vm.js:139:10)
    at Module._compile (module.js:616:28)
    at Object.Module._extensions..js (module.js:663:10)
    at Module.load (module.js:565:32)
    at tryModuleLoad (module.js:505:12)
    at Function.Module._load (module.js:497:3)
    at Module.require (module.js:596:17)
    at require (internal/module.js:11:18)
    at Object.<anonymous> (/home/ankit/Desktop/Inventory_Management/app.js:35:24)
    at Module._compile (module.js:652:30)
    at Object.Module._extensions..js (module.js:663:10)
    at Module.load (module.js:565:32)
    at tryModuleLoad (module.js:505:12)
    at Function.Module._load (module.js:497:3)
    at Object.<anonymous> (/usr/local/lib/node_modules/pm2/lib/ProcessContainerFork.js:48:21)
