Error: Cannot find module 'express'
    at Function.Module._resolveFilename (module.js:547:15)
    at Function.Module._load (module.js:474:25)
    at Module.require (module.js:596:17)
    at require (internal/module.js:11:18)
    at Object.<anonymous> (/home/ankit/code/SPIQ/app.js:4:17)
    at Module._compile (module.js:652:30)
    at Object.Module._extensions..js (module.js:663:10)
    at Module.load (module.js:565:32)
    at tryModuleLoad (module.js:505:12)
    at Function.Module._load (module.js:497:3)
Error: Cannot find module 'express'
    at Function.Module._resolveFilename (module.js:547:15)
    at Function.Module._load (module.js:474:25)
    at Module.require (module.js:596:17)
    at require (internal/module.js:11:18)
    at Object.<anonymous> (/home/ankit/code/SPIQ/app.js:4:17)
    at Module._compile (module.js:652:30)
    at Object.Module._extensions..js (module.js:663:10)
    at Module.load (module.js:565:32)
    at tryModuleLoad (module.js:505:12)
    at Function.Module._load (module.js:497:3)
Error: Cannot find module 'express'
    at Function.Module._resolveFilename (module.js:547:15)
    at Function.Module._load (module.js:474:25)
    at Module.require (module.js:596:17)
    at require (internal/module.js:11:18)
    at Object.<anonymous> (/home/ankit/code/SPIQ/app.js:4:17)
    at Module._compile (module.js:652:30)
    at Object.Module._extensions..js (module.js:663:10)
    at Module.load (module.js:565:32)
    at tryModuleLoad (module.js:505:12)
    at Function.Module._load (module.js:497:3)
Error: Cannot find module 'express'
    at Function.Module._resolveFilename (module.js:547:15)
    at Function.Module._load (module.js:474:25)
    at Module.require (module.js:596:17)
    at require (internal/module.js:11:18)
    at Object.<anonymous> (/home/ankit/code/SPIQ/app.js:4:17)
    at Module._compile (module.js:652:30)
    at Object.Module._extensions..js (module.js:663:10)
    at Module.load (module.js:565:32)
    at tryModuleLoad (module.js:505:12)
    at Function.Module._load (module.js:497:3)
Error: Cannot find module 'express'
    at Function.Module._resolveFilename (module.js:547:15)
    at Function.Module._load (module.js:474:25)
    at Module.require (module.js:596:17)
    at require (internal/module.js:11:18)
    at Object.<anonymous> (/home/ankit/code/SPIQ/app.js:4:17)
    at Module._compile (module.js:652:30)
    at Object.Module._extensions..js (module.js:663:10)
    at Module.load (module.js:565:32)
    at tryModuleLoad (module.js:505:12)
    at Function.Module._load (module.js:497:3)
Error: Cannot find module 'express'
    at Function.Module._resolveFilename (module.js:547:15)
    at Function.Module._load (module.js:474:25)
    at Module.require (module.js:596:17)
    at require (internal/module.js:11:18)
    at Object.<anonymous> (/home/ankit/code/SPIQ/app.js:4:17)
    at Module._compile (module.js:652:30)
    at Object.Module._extensions..js (module.js:663:10)
    at Module.load (module.js:565:32)
    at tryModuleLoad (module.js:505:12)
    at Function.Module._load (module.js:497:3)
Error: Cannot find module 'express'
    at Function.Module._resolveFilename (module.js:547:15)
    at Function.Module._load (module.js:474:25)
    at Module.require (module.js:596:17)
    at require (internal/module.js:11:18)
    at Object.<anonymous> (/home/ankit/code/SPIQ/app.js:4:17)
    at Module._compile (module.js:652:30)
    at Object.Module._extensions..js (module.js:663:10)
    at Module.load (module.js:565:32)
    at tryModuleLoad (module.js:505:12)
    at Function.Module._load (module.js:497:3)
Error: Cannot find module 'express'
    at Function.Module._resolveFilename (module.js:547:15)
    at Function.Module._load (module.js:474:25)
    at Module.require (module.js:596:17)
    at require (internal/module.js:11:18)
    at Object.<anonymous> (/home/ankit/code/SPIQ/app.js:4:17)
    at Module._compile (module.js:652:30)
    at Object.Module._extensions..js (module.js:663:10)
    at Module.load (module.js:565:32)
    at tryModuleLoad (module.js:505:12)
    at Function.Module._load (module.js:497:3)
Error: Cannot find module 'express'
    at Function.Module._resolveFilename (module.js:547:15)
    at Function.Module._load (module.js:474:25)
    at Module.require (module.js:596:17)
    at require (internal/module.js:11:18)
    at Object.<anonymous> (/home/ankit/code/SPIQ/app.js:4:17)
    at Module._compile (module.js:652:30)
    at Object.Module._extensions..js (module.js:663:10)
    at Module.load (module.js:565:32)
    at tryModuleLoad (module.js:505:12)
    at Function.Module._load (module.js:497:3)
Error: Cannot find module 'express'
    at Function.Module._resolveFilename (module.js:547:15)
    at Function.Module._load (module.js:474:25)
    at Module.require (module.js:596:17)
    at require (internal/module.js:11:18)
    at Object.<anonymous> (/home/ankit/code/SPIQ/app.js:4:17)
    at Module._compile (module.js:652:30)
    at Object.Module._extensions..js (module.js:663:10)
    at Module.load (module.js:565:32)
    at tryModuleLoad (module.js:505:12)
    at Function.Module._load (module.js:497:3)
Error: Cannot find module 'express'
    at Function.Module._resolveFilename (module.js:547:15)
    at Function.Module._load (module.js:474:25)
    at Module.require (module.js:596:17)
    at require (internal/module.js:11:18)
    at Object.<anonymous> (/home/ankit/code/SPIQ/app.js:4:17)
    at Module._compile (module.js:652:30)
    at Object.Module._extensions..js (module.js:663:10)
    at Module.load (module.js:565:32)
    at tryModuleLoad (module.js:505:12)
    at Function.Module._load (module.js:497:3)
Error: Cannot find module 'express'
    at Function.Module._resolveFilename (module.js:547:15)
    at Function.Module._load (module.js:474:25)
    at Module.require (module.js:596:17)
    at require (internal/module.js:11:18)
    at Object.<anonymous> (/home/ankit/code/SPIQ/app.js:4:17)
    at Module._compile (module.js:652:30)
    at Object.Module._extensions..js (module.js:663:10)
    at Module.load (module.js:565:32)
    at tryModuleLoad (module.js:505:12)
    at Function.Module._load (module.js:497:3)
Error: Cannot find module 'express'
    at Function.Module._resolveFilename (module.js:547:15)
    at Function.Module._load (module.js:474:25)
    at Module.require (module.js:596:17)
    at require (internal/module.js:11:18)
    at Object.<anonymous> (/home/ankit/code/SPIQ/app.js:4:17)
    at Module._compile (module.js:652:30)
    at Object.Module._extensions..js (module.js:663:10)
    at Module.load (module.js:565:32)
    at tryModuleLoad (module.js:505:12)
    at Function.Module._load (module.js:497:3)
Error: Cannot find module 'express'
    at Function.Module._resolveFilename (module.js:547:15)
    at Function.Module._load (module.js:474:25)
    at Module.require (module.js:596:17)
    at require (internal/module.js:11:18)
    at Object.<anonymous> (/home/ankit/code/SPIQ/app.js:4:17)
    at Module._compile (module.js:652:30)
    at Object.Module._extensions..js (module.js:663:10)
    at Module.load (module.js:565:32)
    at tryModuleLoad (module.js:505:12)
    at Function.Module._load (module.js:497:3)
Error: Cannot find module 'express'
    at Function.Module._resolveFilename (module.js:547:15)
    at Function.Module._load (module.js:474:25)
    at Module.require (module.js:596:17)
    at require (internal/module.js:11:18)
    at Object.<anonymous> (/home/ankit/code/SPIQ/app.js:4:17)
    at Module._compile (module.js:652:30)
    at Object.Module._extensions..js (module.js:663:10)
    at Module.load (module.js:565:32)
    at tryModuleLoad (module.js:505:12)
    at Function.Module._load (module.js:497:3)
Error: Cannot find module 'express'
    at Function.Module._resolveFilename (module.js:547:15)
    at Function.Module._load (module.js:474:25)
    at Module.require (module.js:596:17)
    at require (internal/module.js:11:18)
    at Object.<anonymous> (/home/ankit/code/SPIQ/app.js:4:17)
    at Module._compile (module.js:652:30)
    at Object.Module._extensions..js (module.js:663:10)
    at Module.load (module.js:565:32)
    at tryModuleLoad (module.js:505:12)
    at Function.Module._load (module.js:497:3)
TypeError: req.assert is not a function
    at exports.postSignup (/home/ankit/code/SPIQ/controllers/user.js:86:7)
    at Layer.handle [as handle_request] (/home/ankit/code/SPIQ/node_modules/express/lib/router/layer.js:95:5)
    at next (/home/ankit/code/SPIQ/node_modules/express/lib/router/route.js:137:13)
    at Route.dispatch (/home/ankit/code/SPIQ/node_modules/express/lib/router/route.js:112:3)
    at Layer.handle [as handle_request] (/home/ankit/code/SPIQ/node_modules/express/lib/router/layer.js:95:5)
    at /home/ankit/code/SPIQ/node_modules/express/lib/router/index.js:281:22
    at Function.process_params (/home/ankit/code/SPIQ/node_modules/express/lib/router/index.js:335:12)
    at next (/home/ankit/code/SPIQ/node_modules/express/lib/router/index.js:275:10)
    at serveStatic (/home/ankit/code/SPIQ/node_modules/serve-static/index.js:75:16)
    at Layer.handle [as handle_request] (/home/ankit/code/SPIQ/node_modules/express/lib/router/layer.js:95:5)
    at trim_prefix (/home/ankit/code/SPIQ/node_modules/express/lib/router/index.js:317:13)
    at /home/ankit/code/SPIQ/node_modules/express/lib/router/index.js:284:7
    at Function.process_params (/home/ankit/code/SPIQ/node_modules/express/lib/router/index.js:335:12)
    at next (/home/ankit/code/SPIQ/node_modules/express/lib/router/index.js:275:10)
    at app.use (/home/ankit/code/SPIQ/app.js:118:3)
    at Layer.handle [as handle_request] (/home/ankit/code/SPIQ/node_modules/express/lib/router/layer.js:95:5)
    at trim_prefix (/home/ankit/code/SPIQ/node_modules/express/lib/router/index.js:317:13)
    at /home/ankit/code/SPIQ/node_modules/express/lib/router/index.js:284:7
    at Function.process_params (/home/ankit/code/SPIQ/node_modules/express/lib/router/index.js:335:12)
    at next (/home/ankit/code/SPIQ/node_modules/express/lib/router/index.js:275:10)
    at app.use (/home/ankit/code/SPIQ/app.js:104:3)
    at Layer.handle [as handle_request] (/home/ankit/code/SPIQ/node_modules/express/lib/router/layer.js:95:5)
    at trim_prefix (/home/ankit/code/SPIQ/node_modules/express/lib/router/index.js:317:13)
    at /home/ankit/code/SPIQ/node_modules/express/lib/router/index.js:284:7
    at Function.process_params (/home/ankit/code/SPIQ/node_modules/express/lib/router/index.js:335:12)
    at next (/home/ankit/code/SPIQ/node_modules/express/lib/router/index.js:275:10)
    at xssProtection (/home/ankit/code/SPIQ/node_modules/lusca/lib/xssprotection.js:16:9)
    at Layer.handle [as handle_request] (/home/ankit/code/SPIQ/node_modules/express/lib/router/layer.js:95:5)
TypeError: req.assert is not a function
    at exports.postSignup (/home/ankit/code/SPIQ/controllers/user.js:86:7)
    at Layer.handle [as handle_request] (/home/ankit/code/SPIQ/node_modules/express/lib/router/layer.js:95:5)
    at next (/home/ankit/code/SPIQ/node_modules/express/lib/router/route.js:137:13)
    at Route.dispatch (/home/ankit/code/SPIQ/node_modules/express/lib/router/route.js:112:3)
    at Layer.handle [as handle_request] (/home/ankit/code/SPIQ/node_modules/express/lib/router/layer.js:95:5)
    at /home/ankit/code/SPIQ/node_modules/express/lib/router/index.js:281:22
    at Function.process_params (/home/ankit/code/SPIQ/node_modules/express/lib/router/index.js:335:12)
    at next (/home/ankit/code/SPIQ/node_modules/express/lib/router/index.js:275:10)
    at serveStatic (/home/ankit/code/SPIQ/node_modules/serve-static/index.js:75:16)
    at Layer.handle [as handle_request] (/home/ankit/code/SPIQ/node_modules/express/lib/router/layer.js:95:5)
    at trim_prefix (/home/ankit/code/SPIQ/node_modules/express/lib/router/index.js:317:13)
    at /home/ankit/code/SPIQ/node_modules/express/lib/router/index.js:284:7
    at Function.process_params (/home/ankit/code/SPIQ/node_modules/express/lib/router/index.js:335:12)
    at next (/home/ankit/code/SPIQ/node_modules/express/lib/router/index.js:275:10)
    at app.use (/home/ankit/code/SPIQ/app.js:118:3)
    at Layer.handle [as handle_request] (/home/ankit/code/SPIQ/node_modules/express/lib/router/layer.js:95:5)
    at trim_prefix (/home/ankit/code/SPIQ/node_modules/express/lib/router/index.js:317:13)
    at /home/ankit/code/SPIQ/node_modules/express/lib/router/index.js:284:7
    at Function.process_params (/home/ankit/code/SPIQ/node_modules/express/lib/router/index.js:335:12)
    at next (/home/ankit/code/SPIQ/node_modules/express/lib/router/index.js:275:10)
    at app.use (/home/ankit/code/SPIQ/app.js:104:3)
    at Layer.handle [as handle_request] (/home/ankit/code/SPIQ/node_modules/express/lib/router/layer.js:95:5)
    at trim_prefix (/home/ankit/code/SPIQ/node_modules/express/lib/router/index.js:317:13)
    at /home/ankit/code/SPIQ/node_modules/express/lib/router/index.js:284:7
    at Function.process_params (/home/ankit/code/SPIQ/node_modules/express/lib/router/index.js:335:12)
    at next (/home/ankit/code/SPIQ/node_modules/express/lib/router/index.js:275:10)
    at xssProtection (/home/ankit/code/SPIQ/node_modules/lusca/lib/xssprotection.js:16:9)
    at Layer.handle [as handle_request] (/home/ankit/code/SPIQ/node_modules/express/lib/router/layer.js:95:5)
